Build started 20.06.2015 12:02:49.
     1>Project "d:\coding\_github.samayel\mpir-mpfr-mpc-mpfi\mpir\build.vc12\lib_mpir_k8\lib_mpir_k8.vcxproj" on node 2 (Rebuild target(s)).
     1>PreBuildEvent:
         cd ..\
         prebuild k8 x64
             
         :VCEnd
         building MPIR for k8 (x64) from directory mpn\x86_64w\k8
         creating mpir.h for x64
         copying tmp.h to ..\mpir.h (if not present or changed)
         copying tmp.h to ..\gmp.h (if not present or changed)
         copying tmp.h to ..\config.h (if not present or changed)
         overwriting ..\config.h with tmp.h
         copying ..\mpn\x86_64w\k8\\gmp-mparam.h to ..\gmp-mparam.h (if not present or changed)
         overwriting ..\gmp-mparam.h with ..\mpn\x86_64w\k8\\gmp-mparam.h
         copying tmp.h to ..\longlong.h (if not present or changed)
         overwriting ..\longlong.h with tmp.h
       _YASM:
         Assembling add_err1_n.asm
         Assembling add_err2_n.asm
         Assembling add_n.asm
         Assembling addadd_n.asm
         Assembling addlsh1_n.asm
         Assembling addlsh_n.asm
         Assembling addmul_1.asm
         Assembling addmul_2.asm
         Assembling addsub_n.asm
         Assembling and_n.asm
         Assembling andn_n.asm
         Assembling com_n.asm
         Assembling copyd.asm
         Assembling copyi.asm
         Assembling divexact_1.asm
         Assembling divexact_by3c.asm
         Assembling divexact_byff.asm
         Assembling divexact_byfobm1.asm
         Assembling divrem_2.asm
         Assembling divrem_euclidean_qr_1.asm
         Assembling divrem_euclidean_qr_2.asm
         Assembling divrem_hensel_qr_1_1.asm
         Assembling divrem_hensel_qr_1_2.asm
         Assembling divrem_hensel_r_1.asm
         Assembling double.asm
         Assembling half.asm
         Assembling hamdist.asm
         Assembling ior_n.asm
         Assembling iorn_n.asm
         Assembling karaadd.asm
         Assembling karasub.asm
         Assembling lshift.asm
         Assembling lshift1.asm
         Assembling lshift2.asm
         Assembling lshift3.asm
         Assembling lshift4.asm
         Assembling lshift5.asm
         Assembling lshift6.asm
         Assembling lshiftc.asm
         Assembling mod_1_1.asm
         Assembling mod_1_2.asm
         Assembling mod_1_3.asm
         Assembling modexact_1c_odd.asm
         Assembling mul_1.asm
         Assembling mul_2.asm
         Assembling mul_basecase.asm
         Assembling mulmid_basecase.asm
         Assembling nand_n.asm
         Assembling nior_n.asm
         Assembling not.asm
         Assembling popcount.asm
         Assembling redc_1.asm
         Assembling rsh1add_n.asm
         Assembling rsh1sub_n.asm
         Assembling rsh_divrem_hensel_qr_1_1.asm
         Assembling rsh_divrem_hensel_qr_1_2.asm
         Assembling rshift.asm
         Assembling rshift1.asm
         Assembling rshift2.asm
         Assembling sqr_basecase.asm
         Assembling store.asm
         Assembling sub_err1_n.asm
         Assembling sub_err2_n.asm
         Assembling sub_n.asm
         Assembling subadd_n.asm
         Assembling sublsh1_n.asm
         Assembling sublsh_n.asm
         Assembling submul_1.asm
         Assembling sumdiff_n.asm
         Assembling udiv_qrnnd.asm
         Assembling umul_ppmm.asm
         Assembling xnor_n.asm
         Assembling xor_n.asm
         cmd.exe /C "C:\Users\johm\AppData\Local\Temp\tmp1c09677253434dafa3164d59f2ef0115.cmd"
         "C:\Program Files (x86)\Microsoft Visual Studio 12.0\VC\bin\"vsyasm.exe -Xvc -f x64 -g cv8 -i "..\..\mpn\x86_64w\\" -o "x64\Release\mpn\\" -rnasm -pnasm   ..\..\mpn\x86_64w\k8\add_err1_n.asm  ..\..\mpn\x86_64w\add_err2_n.asm  ..\..\mpn\x86_64w\k8\add_n.asm  ..\..\mpn\x86_64w\k8\addadd_n.asm  ..\..\mpn\x86_64w\k8\addlsh1_n.asm  ..\..\mpn\x86_64w\k8\addlsh_n.asm  ..\..\mpn\x86_64w\k8\addmul_1.asm  ..\..\mpn\x86_64w\k8\addmul_2.asm  ..\..\mpn\x86_64w\k8\addsub_n.asm  ..\..\mpn\x86_64w\k8\and_n.asm  ..\..\mpn\x86_64w\k8\andn_n.asm  ..\..\mpn\x86_64w\k8\com_n.asm  ..\..\mpn\x86_64w\k8\copyd.asm  ..\..\mpn\x86_64w\k8\copyi.asm  ..\..\mpn\x86_64w\divexact_1.asm  ..\..\mpn\x86_64w\divexact_by3c.asm  ..\..\mpn\x86_64w\k8\divexact_byff.asm  ..\..\mpn\x86_64w\divexact_byfobm1.asm  ..\..\mpn\x86_64w\divrem_2.asm  ..\..\mpn\x86_64w\divrem_euclidean_qr_1.asm  ..\..\mpn\x86_64w\divrem_euclidean_qr_2.asm  ..\..\mpn\x86_64w\k8\divrem_hensel_qr_1_1.asm  ..\..\mpn\x86_64w\k8\divrem_hensel_qr_1_2.asm  ..\..\mpn\x86_64w\k8\divrem_hensel_r_1.asm  ..\..\mpn\x86_64w\k8\double.asm  ..\..\mpn\x86_64w\k8\half.asm  ..\..\mpn\x86_64w\k8\hamdist.asm  ..\..\mpn\x86_64w\k8\ior_n.asm  ..\..\mpn\x86_64w\k8\iorn_n.asm  ..\..\mpn\x86_64w\k8\karaadd.asm  ..\..\mpn\x86_64w\k8\karasub.asm  ..\..\mpn\x86_64w\k8\lshift.asm  ..\..\mpn\x86_64w\k8\lshift1.asm  ..\..\mpn\x86_64w\k8\lshift2.asm  ..\..\mpn\x86_64w\k8\lshift3.asm  ..\..\mpn\x86_64w\k8\lshift4.asm  ..\..\mpn\x86_64w\k8\lshift5.asm  ..\..\mpn\x86_64w\k8\lshift6.asm  ..\..\mpn\x86_64w\k8\lshiftc.asm  ..\..\mpn\x86_64w\k8\mod_1_1.asm  ..\..\mpn\x86_64w\k8\mod_1_2.asm  ..\..\mpn\x86_64w\k8\mod_1_3.asm  ..\..\mpn\x86_64w\modexact_1c_odd.asm  ..\..\mpn\x86_64w\k8\mul_1.asm  ..\..\mpn\x86_64w\k8\mul_2.asm  ..\..\mpn\x86_64w\k8\mul_basecase.asm  ..\..\mpn\x86_64w\mulmid_basecase.asm  ..\..\mpn\x86_64w\k8\nand_n.asm  ..\..\mpn\x86_64w\k8\nior_n.asm  ..\..\mpn\x86_64w\k8\not.asm  ..\..\mpn\x86_64w\k8\popcount.asm  ..\..\mpn\x86_64w\k8\redc_1.asm  ..\..\mpn\x86_64w\k8\rsh1add_n.asm  ..\..\mpn\x86_64w\k8\rsh1sub_n.asm  ..\..\mpn\x86_64w\k8\rsh_divrem_hensel_qr_1_1.asm  ..\..\mpn\x86_64w\k8\rsh_divrem_hensel_qr_1_2.asm  ..\..\mpn\x86_64w\k8\rshift.asm  ..\..\mpn\x86_64w\k8\rshift1.asm  ..\..\mpn\x86_64w\k8\rshift2.asm  ..\..\mpn\x86_64w\sqr_basecase.asm  ..\..\mpn\x86_64w\k8\store.asm  ..\..\mpn\x86_64w\k8\sub_err1_n.asm  ..\..\mpn\x86_64w\sub_err2_n.asm  ..\..\mpn\x86_64w\k8\sub_n.asm  ..\..\mpn\x86_64w\k8\subadd_n.asm  ..\..\mpn\x86_64w\k8\sublsh1_n.asm  ..\..\mpn\x86_64w\k8\sublsh_n.asm  ..\..\mpn\x86_64w\k8\submul_1.asm  ..\..\mpn\x86_64w\k8\sumdiff_n.asm  ..\..\mpn\x86_64w\k8\udiv_qrnnd.asm  ..\..\mpn\x86_64w\k8\umul_ppmm.asm  ..\..\mpn\x86_64w\k8\xnor_n.asm  ..\..\mpn\x86_64w\k8\xor_n.asm
       ClCompile:
         C:\Program Files (x86)\Microsoft Visual Studio 12.0\VC\bin\x86_amd64\CL.exe /c /I..\..\ /Zi /nologo /W1 /WX- /Ox /Oi /D NDEBUG /D WIN32 /D _LIB /D HAVE_CONFIG_H /D _WIN64 /Gm- /EHsc /MT /GS /fp:precise /Zc:wchar_t /Zc:forScope /Fo"x64\Release\\" /Fd"D:\coding\_github.samayel\mpir-mpfr-mpc-mpfi\mpir\build.vc12\x64\Release\mpir.pdb" /Gd /TC /errorReport:prompt ..\..\assert.c ..\..\errno.c "..\..\extract-dbl.c" ..\..\invalid.c ..\..\memory.c ..\..\mp_bpl.c ..\..\mp_clz_tab.c ..\..\mp_dv_tab.c ..\..\mp_get_fns.c ..\..\mp_minv_tab.c ..\..\mp_set_fns.c ..\..\nextprime.c ..\..\primesieve.c ..\..\randbui.c ..\..\randclr.c ..\..\randdef.c ..\..\randiset.c ..\..\randlc2s.c ..\..\randlc2x.c ..\..\randmt.c ..\..\randmts.c ..\..\randmui.c ..\..\rands.c ..\..\randsd.c ..\..\randsdui.c "..\..\tal-reent.c" ..\..\version.c
         assert.c
         errno.c
         extract-dbl.c
         invalid.c
         memory.c
         mp_bpl.c
         mp_clz_tab.c
         mp_dv_tab.c
         mp_get_fns.c
         mp_minv_tab.c
         mp_set_fns.c
         nextprime.c
         primesieve.c
         randbui.c
         randclr.c
         randdef.c
         randiset.c
         randlc2s.c
         randlc2x.c
         randmt.c
         Generating Code...
         Compiling...
         randmts.c
         randmui.c
         rands.c
         randsd.c
         randsdui.c
         tal-reent.c
         version.c
         Generating Code...
         C:\Program Files (x86)\Microsoft Visual Studio 12.0\VC\bin\x86_amd64\CL.exe /c /I..\..\ /Zi /nologo /W1 /WX- /Ox /Oi /D NDEBUG /D WIN32 /D _LIB /D HAVE_CONFIG_H /D _WIN64 /Gm- /EHsc /MT /GS /fp:precise /Zc:wchar_t /Zc:forScope /Fo"x64\Release\fft\\" /Fd"D:\coding\_github.samayel\mpir-mpfr-mpc-mpfi\mpir\build.vc12\x64\Release\mpir.pdb" /Gd /TC /errorReport:prompt ..\..\fft\adjust.c ..\..\fft\adjust_sqrt2.c ..\..\fft\butterfly_lshB.c ..\..\fft\butterfly_rshB.c ..\..\fft\combine_bits.c ..\..\fft\div_2expmod_2expp1.c ..\..\fft\fermat_to_mpz.c ..\..\fft\fft_mfa_trunc_sqrt2.c ..\..\fft\fft_mfa_trunc_sqrt2_inner.c ..\..\fft\fft_negacyclic.c ..\..\fft\fft_radix2.c ..\..\fft\fft_trunc.c ..\..\fft\fft_trunc_sqrt2.c ..\..\fft\ifft_mfa_trunc_sqrt2.c ..\..\fft\ifft_negacyclic.c ..\..\fft\ifft_radix2.c ..\..\fft\ifft_trunc.c ..\..\fft\ifft_trunc_sqrt2.c ..\..\fft\mul_2expmod_2expp1.c ..\..\fft\mul_fft_main.c ..\..\fft\mul_mfa_trunc_sqrt2.c ..\..\fft\mul_trunc_sqrt2.c ..\..\fft\mulmod_2expp1.c ..\..\fft\normmod_2expp1.c ..\..\fft\revbin.c ..\..\fft\split_bits.c
         adjust.c
         adjust_sqrt2.c
         butterfly_lshB.c
         butterfly_rshB.c
         combine_bits.c
         div_2expmod_2expp1.c
         fermat_to_mpz.c
         fft_mfa_trunc_sqrt2.c
         fft_mfa_trunc_sqrt2_inner.c
         fft_negacyclic.c
         fft_radix2.c
         fft_trunc.c
         fft_trunc_sqrt2.c
         ifft_mfa_trunc_sqrt2.c
         ifft_negacyclic.c
         ifft_radix2.c
         ifft_trunc.c
         ifft_trunc_sqrt2.c
         mul_2expmod_2expp1.c
         mul_fft_main.c
         Generating Code...
         Compiling...
         mul_mfa_trunc_sqrt2.c
         mul_trunc_sqrt2.c
         mulmod_2expp1.c
         normmod_2expp1.c
         revbin.c
         split_bits.c
         Generating Code...
         C:\Program Files (x86)\Microsoft Visual Studio 12.0\VC\bin\x86_amd64\CL.exe /c /I..\..\ /Zi /nologo /W1 /WX- /Ox /Oi /D NDEBUG /D WIN32 /D _LIB /D HAVE_CONFIG_H /D _WIN64 /Gm- /EHsc /MT /GS /fp:precise /Zc:wchar_t /Zc:forScope /Fo"x64\Release\mpf\\" /Fd"D:\coding\_github.samayel\mpir-mpfr-mpc-mpfi\mpir\build.vc12\x64\Release\mpir.pdb" /Gd /TC /errorReport:prompt ..\..\mpf\abs.c ..\..\mpf\add.c ..\..\mpf\add_ui.c ..\..\mpf\ceilfloor.c ..\..\mpf\clear.c ..\..\mpf\clears.c ..\..\mpf\cmp.c ..\..\mpf\cmp_d.c ..\..\mpf\cmp_si.c ..\..\mpf\cmp_ui.c ..\..\mpf\div.c ..\..\mpf\div_2exp.c ..\..\mpf\div_ui.c ..\..\mpf\dump.c ..\..\mpf\eq.c ..\..\mpf\fits_si.c ..\..\mpf\fits_sint.c ..\..\mpf\fits_slong.c ..\..\mpf\fits_sshort.c ..\..\mpf\fits_ui.c ..\..\mpf\fits_uint.c ..\..\mpf\fits_ulong.c ..\..\mpf\fits_ushort.c ..\..\mpf\get_d.c ..\..\mpf\get_d_2exp.c ..\..\mpf\get_dfl_prec.c ..\..\mpf\get_prc.c ..\..\mpf\get_si.c ..\..\mpf\get_str.c ..\..\mpf\get_ui.c ..\..\mpf\init.c ..\..\mpf\init2.c ..\..\mpf\inits.c ..\..\mpf\inp_str.c ..\..\mpf\int_p.c ..\..\mpf\iset.c ..\..\mpf\iset_d.c ..\..\mpf\iset_si.c ..\..\mpf\iset_str.c ..\..\mpf\iset_ui.c ..\..\mpf\mul.c ..\..\mpf\mul_2exp.c ..\..\mpf\mul_ui.c ..\..\mpf\neg.c ..\..\mpf\out_str.c ..\..\mpf\pow_ui.c ..\..\mpf\random2.c ..\..\mpf\reldiff.c ..\..\mpf\rrandomb.c ..\..\mpf\set.c ..\..\mpf\set_d.c ..\..\mpf\set_dfl_prec.c ..\..\mpf\set_prc.c ..\..\mpf\set_prc_raw.c ..\..\mpf\set_q.c ..\..\mpf\set_si.c ..\..\mpf\set_str.c ..\..\mpf\set_ui.c ..\..\mpf\set_z.c ..\..\mpf\size.c ..\..\mpf\sqrt.c ..\..\mpf\sqrt_ui.c ..\..\mpf\sub.c ..\..\mpf\sub_ui.c ..\..\mpf\swap.c ..\..\mpf\trunc.c ..\..\mpf\ui_div.c ..\..\mpf\ui_sub.c ..\..\mpf\urandomb.c
         abs.c
         add.c
         add_ui.c
         ceilfloor.c
         clear.c
         clears.c
         cmp.c
         cmp_d.c
         cmp_si.c
         cmp_ui.c
         div.c
         div_2exp.c
         div_ui.c
         dump.c
         eq.c
         fits_si.c
         fits_sint.c
         fits_slong.c
         fits_sshort.c
         fits_ui.c
         Generating Code...
         Compiling...
         fits_uint.c
         fits_ulong.c
         fits_ushort.c
         get_d.c
         get_d_2exp.c
         get_dfl_prec.c
         get_prc.c
         get_si.c
         get_str.c
         get_ui.c
         init.c
         init2.c
         inits.c
         inp_str.c
         int_p.c
         iset.c
         iset_d.c
         iset_si.c
         iset_str.c
         iset_ui.c
         Generating Code...
         Compiling...
         mul.c
         mul_2exp.c
         mul_ui.c
         neg.c
         out_str.c
         pow_ui.c
         random2.c
         reldiff.c
         rrandomb.c
         set.c
         set_d.c
         set_dfl_prec.c
         set_prc.c
         set_prc_raw.c
         set_q.c
         set_si.c
         set_str.c
         set_ui.c
         set_z.c
         size.c
         Generating Code...
         Compiling...
         sqrt.c
         sqrt_ui.c
         sub.c
         sub_ui.c
         swap.c
         trunc.c
         ui_div.c
         ui_sub.c
         urandomb.c
         Generating Code...
         C:\Program Files (x86)\Microsoft Visual Studio 12.0\VC\bin\x86_amd64\CL.exe /c /I..\..\ /Zi /nologo /W1 /WX- /Ox /Oi /D NDEBUG /D WIN32 /D _LIB /D HAVE_CONFIG_H /D _WIN64 /Gm- /EHsc /MT /GS /fp:precise /Zc:wchar_t /Zc:forScope /Fo"x64\Release\mpq\\" /Fd"D:\coding\_github.samayel\mpir-mpfr-mpc-mpfi\mpir\build.vc12\x64\Release\mpir.pdb" /Gd /TC /errorReport:prompt ..\..\mpq\abs.c ..\..\mpq\aors.c ..\..\mpq\canonicalize.c ..\..\mpq\clear.c ..\..\mpq\clears.c ..\..\mpq\cmp.c ..\..\mpq\cmp_si.c ..\..\mpq\cmp_ui.c ..\..\mpq\div.c ..\..\mpq\equal.c ..\..\mpq\get_d.c ..\..\mpq\get_den.c ..\..\mpq\get_num.c ..\..\mpq\get_str.c ..\..\mpq\init.c ..\..\mpq\inits.c ..\..\mpq\inp_str.c ..\..\mpq\inv.c ..\..\mpq\md_2exp.c ..\..\mpq\mul.c ..\..\mpq\neg.c ..\..\mpq\out_str.c ..\..\mpq\set.c ..\..\mpq\set_d.c ..\..\mpq\set_den.c ..\..\mpq\set_f.c ..\..\mpq\set_num.c ..\..\mpq\set_si.c ..\..\mpq\set_str.c ..\..\mpq\set_ui.c ..\..\mpq\set_z.c ..\..\mpq\swap.c
         abs.c
         aors.c
         canonicalize.c
         clear.c
         clears.c
         cmp.c
         cmp_si.c
         cmp_ui.c
         div.c
         equal.c
         get_d.c
         get_den.c
         get_num.c
         get_str.c
         init.c
         inits.c
         inp_str.c
         inv.c
         md_2exp.c
         mul.c
         Generating Code...
         Compiling...
         neg.c
         out_str.c
         set.c
         set_d.c
         set_den.c
         set_f.c
         set_num.c
         set_si.c
         set_str.c
         set_ui.c
         set_z.c
         swap.c
         Generating Code...
         C:\Program Files (x86)\Microsoft Visual Studio 12.0\VC\bin\x86_amd64\CL.exe /c /I..\..\ /Zi /nologo /W1 /WX- /Ox /Oi /D NDEBUG /D WIN32 /D _LIB /D HAVE_CONFIG_H /D _WIN64 /Gm- /EHsc /MT /GS /fp:precise /Zc:wchar_t /Zc:forScope /Fo"x64\Release\mpz\\" /Fd"D:\coding\_github.samayel\mpir-mpfr-mpc-mpfi\mpir\build.vc12\x64\Release\mpir.pdb" /Gd /TC /errorReport:prompt ..\..\mpz\2fac_ui.c ..\..\mpz\abs.c ..\..\mpz\add.c ..\..\mpz\add_ui.c ..\..\mpz\and.c ..\..\mpz\aorsmul.c ..\..\mpz\aorsmul_i.c ..\..\mpz\array_init.c ..\..\mpz\bin_ui.c ..\..\mpz\bin_uiui.c ..\..\mpz\cdiv_q.c ..\..\mpz\cdiv_q_ui.c ..\..\mpz\cdiv_qr.c ..\..\mpz\cdiv_qr_ui.c ..\..\mpz\cdiv_r.c ..\..\mpz\cdiv_r_ui.c ..\..\mpz\cdiv_ui.c ..\..\mpz\cfdiv_q_2exp.c ..\..\mpz\cfdiv_r_2exp.c ..\..\mpz\clear.c ..\..\mpz\clears.c ..\..\mpz\clrbit.c ..\..\mpz\cmp.c ..\..\mpz\cmp_d.c ..\..\mpz\cmp_si.c ..\..\mpz\cmp_ui.c ..\..\mpz\cmpabs.c ..\..\mpz\cmpabs_d.c ..\..\mpz\cmpabs_ui.c ..\..\mpz\com.c ..\..\mpz\combit.c ..\..\mpz\cong.c ..\..\mpz\cong_2exp.c ..\..\mpz\cong_ui.c ..\..\mpz\dive_ui.c ..\..\mpz\divegcd.c ..\..\mpz\divexact.c ..\..\mpz\divis.c ..\..\mpz\divis_2exp.c ..\..\mpz\divis_ui.c ..\..\mpz\dump.c ..\..\mpz\export.c ..\..\mpz\fac_ui.c ..\..\mpz\fdiv_q.c ..\..\mpz\fdiv_q_ui.c ..\..\mpz\fdiv_qr.c ..\..\mpz\fdiv_qr_ui.c ..\..\mpz\fdiv_r.c ..\..\mpz\fdiv_r_ui.c ..\..\mpz\fdiv_ui.c ..\..\mpz\fib2_ui.c ..\..\mpz\fib_ui.c ..\..\mpz\fits_si.c ..\..\mpz\fits_sint.c ..\..\mpz\fits_slong.c ..\..\mpz\fits_sshort.c ..\..\mpz\fits_ui.c ..\..\mpz\fits_uint.c ..\..\mpz\fits_ulong.c ..\..\mpz\fits_ushort.c ..\..\mpz\gcd.c ..\..\mpz\gcd_ui.c ..\..\mpz\gcdext.c ..\..\mpz\get_d.c ..\..\mpz\get_d_2exp.c ..\..\mpz\get_si.c ..\..\mpz\get_str.c ..\..\mpz\get_sx.c ..\..\mpz\get_ui.c ..\..\mpz\get_ux.c ..\..\mpz\getlimbn.c ..\..\mpz\hamdist.c ..\..\mpz\import.c ..\..\mpz\init.c ..\..\mpz\init2.c ..\..\mpz\inits.c ..\..\mpz\inp_raw.c ..\..\mpz\inp_str.c ..\..\mpz\invert.c ..\..\mpz\ior.c ..\..\mpz\iset.c ..\..\mpz\iset_d.c ..\..\mpz\iset_si.c ..\..\mpz\iset_str.c ..\..\mpz\iset_sx.c ..\..\mpz\iset_ui.c ..\..\mpz\iset_ux.c ..\..\mpz\jacobi.c ..\..\mpz\kronsz.c ..\..\mpz\kronuz.c ..\..\mpz\kronzs.c ..\..\mpz\kronzu.c ..\..\mpz\lcm.c ..\..\mpz\lcm_ui.c ..\..\mpz\likely_prime_p.c ..\..\mpz\lucnum2_ui.c ..\..\mpz\lucnum_ui.c ..\..\mpz\mfac_uiui.c ..\..\mpz\miller_rabin.c ..\..\mpz\millerrabin.c ..\..\mpz\mod.c ..\..\mpz\mul.c ..\..\mpz\mul_2exp.c ..\..\mpz\mul_si.c ..\..\mpz\mul_ui.c ..\..\mpz\n_pow_ui.c ..\..\mpz\neg.c ..\..\mpz\next_prime_candidate.c ..\..\mpz\nextprime.c ..\..\mpz\nthroot.c ..\..\mpz\oddfac_1.c ..\..\mpz\out_raw.c ..\..\mpz\out_str.c ..\..\mpz\perfpow.c ..\..\mpz\perfsqr.c ..\..\mpz\popcount.c ..\..\mpz\pow_ui.c ..\..\mpz\powm.c ..\..\mpz\powm_ui.c ..\..\mpz\pprime_p.c ..\..\mpz\primorial_ui.c ..\..\mpz\probable_prime_p.c ..\..\mpz\prodlimbs.c ..\..\mpz\realloc.c ..\..\mpz\realloc2.c ..\..\mpz\remove.c ..\..\mpz\root.c ..\..\mpz\rootrem.c ..\..\mpz\rrandomb.c ..\..\mpz\scan0.c ..\..\mpz\scan1.c ..\..\mpz\set.c ..\..\mpz\set_d.c ..\..\mpz\set_f.c ..\..\mpz\set_q.c ..\..\mpz\set_si.c ..\..\mpz\set_str.c ..\..\mpz\set_sx.c ..\..\mpz\set_ui.c ..\..\mpz\set_ux.c ..\..\mpz\setbit.c ..\..\mpz\size.c ..\..\mpz\sizeinbase.c ..\..\mpz\sqrt.c ..\..\mpz\sqrtrem.c ..\..\mpz\sub.c ..\..\mpz\sub_ui.c ..\..\mpz\swap.c ..\..\mpz\tdiv_q.c ..\..\mpz\tdiv_q_2exp.c ..\..\mpz\tdiv_q_ui.c ..\..\mpz\tdiv_qr.c ..\..\mpz\tdiv_qr_ui.c ..\..\mpz\tdiv_r.c ..\..\mpz\tdiv_r_2exp.c ..\..\mpz\tdiv_r_ui.c ..\..\mpz\tdiv_ui.c ..\..\mpz\trial_division.c ..\..\mpz\tstbit.c ..\..\mpz\ui_pow_ui.c ..\..\mpz\ui_sub.c ..\..\mpz\urandomb.c ..\..\mpz\urandomm.c ..\..\mpz\xor.c
         2fac_ui.c
         abs.c
         add.c
         add_ui.c
         and.c
         aorsmul.c
         aorsmul_i.c
         array_init.c
         bin_ui.c
         bin_uiui.c
         cdiv_q.c
         cdiv_q_ui.c
         cdiv_qr.c
         cdiv_qr_ui.c
         cdiv_r.c
         cdiv_r_ui.c
         cdiv_ui.c
         cfdiv_q_2exp.c
         cfdiv_r_2exp.c
         clear.c
         Generating Code...
         Compiling...
         clears.c
         clrbit.c
         cmp.c
         cmp_d.c
         cmp_si.c
         cmp_ui.c
         cmpabs.c
         cmpabs_d.c
         cmpabs_ui.c
         com.c
         combit.c
         cong.c
         cong_2exp.c
         cong_ui.c
         dive_ui.c
         divegcd.c
         divexact.c
         divis.c
         divis_2exp.c
         divis_ui.c
         Generating Code...
         Compiling...
         dump.c
         export.c
         fac_ui.c
         fdiv_q.c
         fdiv_q_ui.c
         fdiv_qr.c
         fdiv_qr_ui.c
         fdiv_r.c
         fdiv_r_ui.c
         fdiv_ui.c
         fib2_ui.c
         fib_ui.c
         fits_si.c
         fits_sint.c
         fits_slong.c
         fits_sshort.c
         fits_ui.c
         fits_uint.c
         fits_ulong.c
         fits_ushort.c
         Generating Code...
         Compiling...
         gcd.c
         gcd_ui.c
         gcdext.c
         get_d.c
         get_d_2exp.c
         get_si.c
         get_str.c
         get_sx.c
         get_ui.c
         get_ux.c
         getlimbn.c
         hamdist.c
         import.c
         init.c
         init2.c
         inits.c
         inp_raw.c
         inp_str.c
         invert.c
         ior.c
         Generating Code...
         Compiling...
         iset.c
         iset_d.c
         iset_si.c
         iset_str.c
         iset_sx.c
         iset_ui.c
         iset_ux.c
         jacobi.c
         kronsz.c
         kronuz.c
         kronzs.c
         kronzu.c
         lcm.c
         lcm_ui.c
         likely_prime_p.c
         lucnum2_ui.c
         lucnum_ui.c
         mfac_uiui.c
         miller_rabin.c
         millerrabin.c
         Generating Code...
         Compiling...
         mod.c
         mul.c
         mul_2exp.c
         mul_si.c
         mul_ui.c
         n_pow_ui.c
         neg.c
         next_prime_candidate.c
         nextprime.c
         nthroot.c
         oddfac_1.c
         out_raw.c
         out_str.c
         perfpow.c
         perfsqr.c
         popcount.c
         pow_ui.c
         powm.c
         powm_ui.c
         pprime_p.c
         Generating Code...
         Compiling...
         primorial_ui.c
         probable_prime_p.c
         prodlimbs.c
         realloc.c
         realloc2.c
         remove.c
         root.c
         rootrem.c
         rrandomb.c
         scan0.c
         scan1.c
         set.c
         set_d.c
         set_f.c
         set_q.c
         set_si.c
         set_str.c
         set_sx.c
         set_ui.c
         set_ux.c
         Generating Code...
         Compiling...
         setbit.c
         size.c
         sizeinbase.c
         sqrt.c
         sqrtrem.c
         sub.c
         sub_ui.c
         swap.c
         tdiv_q.c
         tdiv_q_2exp.c
         tdiv_q_ui.c
         tdiv_qr.c
         tdiv_qr_ui.c
         tdiv_r.c
         tdiv_r_2exp.c
         tdiv_r_ui.c
         tdiv_ui.c
         trial_division.c
         tstbit.c
         ui_pow_ui.c
         Generating Code...
         Compiling...
         ui_sub.c
         urandomb.c
         urandomm.c
         xor.c
         Generating Code...
         C:\Program Files (x86)\Microsoft Visual Studio 12.0\VC\bin\x86_amd64\CL.exe /c /I..\..\ /Zi /nologo /W1 /WX- /Ox /Oi /D NDEBUG /D WIN32 /D _LIB /D HAVE_CONFIG_H /D _WIN64 /Gm- /EHsc /MT /GS /fp:precise /Zc:wchar_t /Zc:forScope /Fo"x64\Release\printf\\" /Fd"D:\coding\_github.samayel\mpir-mpfr-mpc-mpfi\mpir\build.vc12\x64\Release\mpir.pdb" /Gd /TC /errorReport:prompt ..\..\printf\asprintf.c ..\..\printf\asprntffuns.c ..\..\printf\doprnt.c ..\..\printf\doprntf.c ..\..\printf\doprnti.c ..\..\printf\fprintf.c ..\..\printf\obprintf.c ..\..\printf\obprntffuns.c ..\..\printf\obvprintf.c ..\..\printf\printf.c ..\..\printf\printffuns.c "..\..\printf\repl-vsnprintf.c" ..\..\printf\snprintf.c ..\..\printf\snprntffuns.c ..\..\printf\sprintf.c ..\..\printf\sprintffuns.c ..\..\printf\vasprintf.c ..\..\printf\vfprintf.c ..\..\printf\vprintf.c ..\..\printf\vsnprintf.c ..\..\printf\vsprintf.c
         asprintf.c
         asprntffuns.c
         doprnt.c
         doprntf.c
         doprnti.c
         fprintf.c
         obprintf.c
         obprntffuns.c
         obvprintf.c
         printf.c
         printffuns.c
         repl-vsnprintf.c
         snprintf.c
         snprntffuns.c
         sprintf.c
         sprintffuns.c
         vasprintf.c
         vfprintf.c
         vprintf.c
         vsnprintf.c
         Generating Code...
         Compiling...
         vsprintf.c
         Generating Code...
         C:\Program Files (x86)\Microsoft Visual Studio 12.0\VC\bin\x86_amd64\CL.exe /c /I..\..\ /Zi /nologo /W1 /WX- /Ox /Oi /D NDEBUG /D WIN32 /D _LIB /D HAVE_CONFIG_H /D _WIN64 /Gm- /EHsc /MT /GS /fp:precise /Zc:wchar_t /Zc:forScope /Fo"x64\Release\scanf\\" /Fd"D:\coding\_github.samayel\mpir-mpfr-mpc-mpfi\mpir\build.vc12\x64\Release\mpir.pdb" /Gd /TC /errorReport:prompt ..\..\scanf\doscan.c ..\..\scanf\fscanf.c ..\..\scanf\fscanffuns.c ..\..\scanf\scanf.c ..\..\scanf\sscanf.c ..\..\scanf\sscanffuns.c ..\..\scanf\vfscanf.c ..\..\scanf\vscanf.c ..\..\scanf\vsscanf.c
         doscan.c
         fscanf.c
         fscanffuns.c
         scanf.c
         sscanf.c
         sscanffuns.c
         vfscanf.c
         vscanf.c
         vsscanf.c
         Generating Code...
         C:\Program Files (x86)\Microsoft Visual Studio 12.0\VC\bin\x86_amd64\CL.exe /c /I..\..\ /Zi /nologo /W1 /WX- /Ox /Oi /D NDEBUG /D WIN32 /D _LIB /D HAVE_CONFIG_H /D _WIN64 /Gm- /EHsc /MT /GS /fp:precise /Zc:wchar_t /Zc:forScope /Fo"x64\Release\mpn\\" /Fd"D:\coding\_github.samayel\mpir-mpfr-mpc-mpfi\mpir\build.vc12\x64\Release\mpir.pdb" /Gd /TC /errorReport:prompt ..\..\mpn\generic\add.c ..\..\mpn\generic\add_1.c ..\..\mpn\generic\bdivmod.c ..\..\mpn\generic\cmp.c ..\..\mpn\generic\comb_tables.c ..\..\mpn\generic\dc_bdiv_q.c ..\..\mpn\generic\dc_bdiv_q_n.c ..\..\mpn\generic\dc_bdiv_qr.c ..\..\mpn\generic\dc_bdiv_qr_n.c ..\..\mpn\generic\dc_div_q.c ..\..\mpn\generic\dc_div_qr.c ..\..\mpn\generic\dc_div_qr_n.c ..\..\mpn\generic\dc_divappr_q.c ..\..\mpn\generic\divexact.c ..\..\mpn\generic\divisible_p.c ..\..\mpn\generic\divrem.c ..\..\mpn\generic\divrem_1.c ..\..\mpn\generic\divrem_euclidean_r_1.c ..\..\mpn\generic\divrem_hensel_qr_1.c ..\..\mpn\generic\divrem_hensel_rsh_qr_1.c ..\..\mpn\generic\dump.c ..\..\mpn\generic\fib2_ui.c ..\..\mpn\generic\fib_table.c ..\..\mpn\generic\gcd.c ..\..\mpn\generic\gcd_1.c ..\..\mpn\generic\gcd_subdiv_step.c ..\..\mpn\generic\gcdext.c ..\..\mpn\generic\gcdext_1.c ..\..\mpn\generic\gcdext_lehmer.c ..\..\mpn\generic\get_d.c ..\..\mpn\generic\get_str.c ..\..\mpn\generic\hgcd.c ..\..\mpn\generic\hgcd2.c ..\..\mpn\generic\hgcd2_jacobi.c ..\..\mpn\generic\hgcd_appr.c ..\..\mpn\generic\hgcd_jacobi.c ..\..\mpn\generic\hgcd_matrix.c ..\..\mpn\generic\hgcd_reduce.c ..\..\mpn\generic\hgcd_step.c ..\..\mpn\generic\inv_div_q.c ..\..\mpn\generic\inv_div_qr.c ..\..\mpn\generic\inv_div_qr_n.c ..\..\mpn\generic\inv_divappr_q.c ..\..\mpn\generic\inv_divappr_q_n.c ..\..\mpn\generic\invert.c ..\..\mpn\generic\jacobi.c ..\..\mpn\generic\jacobi_2.c ..\..\mpn\generic\jacobi_base.c ..\..\mpn\generic\matrix22_mul.c ..\..\mpn\generic\matrix22_mul1_inverse_vector.c ..\..\mpn\generic\mod_1.c ..\..\mpn\generic\mod_34lsub1.c ..\..\mpn\generic\mp_bases.c ..\..\mpn\generic\mul.c ..\..\mpn\generic\mul_fft.c ..\..\mpn\generic\mul_n.c ..\..\mpn\generic\mulhigh_n.c ..\..\mpn\generic\mullow_basecase.c ..\..\mpn\generic\mullow_n.c ..\..\mpn\generic\mullow_n_basecase.c ..\..\mpn\generic\mulmid.c ..\..\mpn\generic\mulmid_n.c ..\..\mpn\generic\mulmod_2expm1.c ..\..\mpn\generic\mulmod_2expp1_basecase.c ..\..\mpn\generic\mulmod_bexpp1.c ..\..\mpn\generic\neg_n.c ..\..\mpn\generic\perfect_square_p.c ..\..\mpn\generic\pow_1.c ..\..\mpn\generic\preinv_mod_1.c ..\..\mpn\generic\random.c ..\..\mpn\generic\random2.c ..\..\mpn\generic\randomb.c ..\..\mpn\generic\redc_2.c ..\..\mpn\generic\rootrem.c ..\..\mpn\generic\rootrem_basecase.c ..\..\mpn\generic\rrandom.c ..\..\mpn\generic\rsh_divrem_hensel_qr_1.c ..\..\mpn\generic\sb_bdiv_q.c ..\..\mpn\generic\sb_bdiv_qr.c ..\..\mpn\generic\sb_div_q.c ..\..\mpn\generic\sb_div_qr.c ..\..\mpn\generic\sb_divappr_q.c ..\..\mpn\generic\scan0.c ..\..\mpn\generic\scan1.c ..\..\mpn\generic\set_str.c ..\..\mpn\generic\sizeinbase.c ..\..\mpn\generic\sqrtrem.c ..\..\mpn\generic\sub.c ..\..\mpn\generic\sub_1.c ..\..\mpn\generic\tdiv_q.c ..\..\mpn\generic\tdiv_qr.c ..\..\mpn\generic\toom3_mul.c ..\..\mpn\generic\toom3_mul_n.c ..\..\mpn\generic\toom42_mulmid.c ..\..\mpn\generic\toom4_mul.c ..\..\mpn\generic\toom4_mul_n.c ..\..\mpn\generic\toom8_sqr_n.c ..\..\mpn\generic\toom8h_mul.c ..\..\mpn\generic\toom_couple_handling.c ..\..\mpn\generic\toom_eval_dgr3_pm1.c ..\..\mpn\generic\toom_eval_dgr3_pm2.c ..\..\mpn\generic\toom_eval_pm1.c ..\..\mpn\generic\toom_eval_pm2.c ..\..\mpn\generic\toom_eval_pm2exp.c ..\..\mpn\generic\toom_eval_pm2rexp.c ..\..\mpn\generic\toom_interpolate_16pts.c ..\..\mpn\generic\urandomb.c ..\..\mpn\generic\urandomm.c ..\..\mpn\generic\zero.c
         add.c
         add_1.c
         bdivmod.c
         cmp.c
         comb_tables.c
         dc_bdiv_q.c
         dc_bdiv_q_n.c
         dc_bdiv_qr.c
         dc_bdiv_qr_n.c
         dc_div_q.c
         dc_div_qr.c
         dc_div_qr_n.c
         dc_divappr_q.c
         divexact.c
         divisible_p.c
         divrem.c
         divrem_1.c
         divrem_euclidean_r_1.c
         divrem_hensel_qr_1.c
         divrem_hensel_rsh_qr_1.c
         Generating Code...
         Compiling...
         dump.c
         fib2_ui.c
         fib_table.c
         gcd.c
         gcd_1.c
         gcd_subdiv_step.c
         gcdext.c
         gcdext_1.c
         gcdext_lehmer.c
         get_d.c
         get_str.c
         hgcd.c
         hgcd2.c
         hgcd2_jacobi.c
         hgcd_appr.c
         hgcd_jacobi.c
         hgcd_matrix.c
         hgcd_reduce.c
         hgcd_step.c
         inv_div_q.c
         Generating Code...
         Compiling...
         inv_div_qr.c
         inv_div_qr_n.c
         inv_divappr_q.c
         inv_divappr_q_n.c
         invert.c
         jacobi.c
         jacobi_2.c
         jacobi_base.c
         matrix22_mul.c
         matrix22_mul1_inverse_vector.c
         mod_1.c
         mod_34lsub1.c
         mp_bases.c
         mul.c
         mul_fft.c
         mul_n.c
         mulhigh_n.c
         mullow_basecase.c
         mullow_n.c
         mullow_n_basecase.c
         Generating Code...
         Compiling...
         mulmid.c
         mulmid_n.c
         mulmod_2expm1.c
         mulmod_2expp1_basecase.c
         mulmod_bexpp1.c
         neg_n.c
         perfect_square_p.c
         pow_1.c
         preinv_mod_1.c
         random.c
         random2.c
         randomb.c
         redc_2.c
         rootrem.c
         rootrem_basecase.c
         rrandom.c
         rsh_divrem_hensel_qr_1.c
         sb_bdiv_q.c
         sb_bdiv_qr.c
         sb_div_q.c
         Generating Code...
         Compiling...
         sb_div_qr.c
         sb_divappr_q.c
         scan0.c
         scan1.c
         set_str.c
         sizeinbase.c
         sqrtrem.c
         sub.c
         sub_1.c
         tdiv_q.c
         tdiv_qr.c
         toom3_mul.c
         toom3_mul_n.c
         toom42_mulmid.c
         toom4_mul.c
         toom4_mul_n.c
         toom8_sqr_n.c
         toom8h_mul.c
         toom_couple_handling.c
         toom_eval_dgr3_pm1.c
         Generating Code...
         Compiling...
         toom_eval_dgr3_pm2.c
         toom_eval_pm1.c
         toom_eval_pm2.c
         toom_eval_pm2exp.c
         toom_eval_pm2rexp.c
         toom_interpolate_16pts.c
         urandomb.c
         urandomm.c
         zero.c
         Generating Code...
       Lib:
         C:\Program Files (x86)\Microsoft Visual Studio 12.0\VC\bin\x86_amd64\Lib.exe /OUT:"D:\coding\_github.samayel\mpir-mpfr-mpc-mpfi\mpir\build.vc12\x64\Release\mpir.lib" /NOLOGO /MACHINE:X64 x64\Release\mpn\add_err1_n.obj
         x64\Release\mpn\add_err2_n.obj
         x64\Release\mpn\add_n.obj
         x64\Release\mpn\addadd_n.obj
         x64\Release\mpn\addlsh1_n.obj
         x64\Release\mpn\addlsh_n.obj
         x64\Release\mpn\addmul_1.obj
         x64\Release\mpn\addmul_2.obj
         x64\Release\mpn\addsub_n.obj
         x64\Release\mpn\and_n.obj
         x64\Release\mpn\andn_n.obj
         x64\Release\mpn\com_n.obj
         x64\Release\mpn\copyd.obj
         x64\Release\mpn\copyi.obj
         x64\Release\mpn\divexact_1.obj
         x64\Release\mpn\divexact_by3c.obj
         x64\Release\mpn\divexact_byff.obj
         x64\Release\mpn\divexact_byfobm1.obj
         x64\Release\mpn\divrem_2.obj
         x64\Release\mpn\divrem_euclidean_qr_1.obj
         x64\Release\mpn\divrem_euclidean_qr_2.obj
         x64\Release\mpn\divrem_hensel_qr_1_1.obj
         x64\Release\mpn\divrem_hensel_qr_1_2.obj
         x64\Release\mpn\divrem_hensel_r_1.obj
         x64\Release\mpn\double.obj
         x64\Release\mpn\half.obj
         x64\Release\mpn\hamdist.obj
         x64\Release\mpn\ior_n.obj
         x64\Release\mpn\iorn_n.obj
         x64\Release\mpn\karaadd.obj
         x64\Release\mpn\karasub.obj
         x64\Release\mpn\lshift.obj
         x64\Release\mpn\lshift1.obj
         x64\Release\mpn\lshift2.obj
         x64\Release\mpn\lshift3.obj
         x64\Release\mpn\lshift4.obj
         x64\Release\mpn\lshift5.obj
         x64\Release\mpn\lshift6.obj
         x64\Release\mpn\lshiftc.obj
         x64\Release\mpn\mod_1_1.obj
         x64\Release\mpn\mod_1_2.obj
         x64\Release\mpn\mod_1_3.obj
         x64\Release\mpn\modexact_1c_odd.obj
         x64\Release\mpn\mul_1.obj
         x64\Release\mpn\mul_2.obj
         x64\Release\mpn\mul_basecase.obj
         x64\Release\mpn\mulmid_basecase.obj
         x64\Release\mpn\nand_n.obj
         x64\Release\mpn\nior_n.obj
         x64\Release\mpn\not.obj
         x64\Release\mpn\popcount.obj
         x64\Release\mpn\redc_1.obj
         x64\Release\mpn\rsh1add_n.obj
         x64\Release\mpn\rsh1sub_n.obj
         x64\Release\mpn\rsh_divrem_hensel_qr_1_1.obj
         x64\Release\mpn\rsh_divrem_hensel_qr_1_2.obj
         x64\Release\mpn\rshift.obj
         x64\Release\mpn\rshift1.obj
         x64\Release\mpn\rshift2.obj
         x64\Release\mpn\sqr_basecase.obj
         x64\Release\mpn\store.obj
         x64\Release\mpn\sub_err1_n.obj
         x64\Release\mpn\sub_err2_n.obj
         x64\Release\mpn\sub_n.obj
         x64\Release\mpn\subadd_n.obj
         x64\Release\mpn\sublsh1_n.obj
         x64\Release\mpn\sublsh_n.obj
         x64\Release\mpn\submul_1.obj
         x64\Release\mpn\sumdiff_n.obj
         x64\Release\mpn\udiv_qrnnd.obj
         x64\Release\mpn\umul_ppmm.obj
         x64\Release\mpn\xnor_n.obj
         x64\Release\mpn\xor_n.obj
         x64\Release\assert.obj
         x64\Release\errno.obj
         "x64\Release\extract-dbl.obj"
         x64\Release\invalid.obj
         x64\Release\memory.obj
         x64\Release\mp_bpl.obj
         x64\Release\mp_clz_tab.obj
         x64\Release\mp_dv_tab.obj
         x64\Release\mp_get_fns.obj
         x64\Release\mp_minv_tab.obj
         x64\Release\mp_set_fns.obj
         x64\Release\nextprime.obj
         x64\Release\primesieve.obj
         x64\Release\randbui.obj
         x64\Release\randclr.obj
         x64\Release\randdef.obj
         x64\Release\randiset.obj
         x64\Release\randlc2s.obj
         x64\Release\randlc2x.obj
         x64\Release\randmt.obj
         x64\Release\randmts.obj
         x64\Release\randmui.obj
         x64\Release\rands.obj
         x64\Release\randsd.obj
         x64\Release\randsdui.obj
         "x64\Release\tal-reent.obj"
         x64\Release\version.obj
         x64\Release\fft\adjust.obj
         x64\Release\fft\adjust_sqrt2.obj
         x64\Release\fft\butterfly_lshB.obj
         x64\Release\fft\butterfly_rshB.obj
         x64\Release\fft\combine_bits.obj
         x64\Release\fft\div_2expmod_2expp1.obj
         x64\Release\fft\fermat_to_mpz.obj
         x64\Release\fft\fft_mfa_trunc_sqrt2.obj
         x64\Release\fft\fft_mfa_trunc_sqrt2_inner.obj
         x64\Release\fft\fft_negacyclic.obj
         x64\Release\fft\fft_radix2.obj
         x64\Release\fft\fft_trunc.obj
         x64\Release\fft\fft_trunc_sqrt2.obj
         x64\Release\fft\ifft_mfa_trunc_sqrt2.obj
         x64\Release\fft\ifft_negacyclic.obj
         x64\Release\fft\ifft_radix2.obj
         x64\Release\fft\ifft_trunc.obj
         x64\Release\fft\ifft_trunc_sqrt2.obj
         x64\Release\fft\mul_2expmod_2expp1.obj
         x64\Release\fft\mul_fft_main.obj
         x64\Release\fft\mul_mfa_trunc_sqrt2.obj
         x64\Release\fft\mul_trunc_sqrt2.obj
         x64\Release\fft\mulmod_2expp1.obj
         x64\Release\fft\normmod_2expp1.obj
         x64\Release\fft\revbin.obj
         x64\Release\fft\split_bits.obj
         x64\Release\mpf\abs.obj
         x64\Release\mpf\add.obj
         x64\Release\mpf\add_ui.obj
         x64\Release\mpf\ceilfloor.obj
         x64\Release\mpf\clear.obj
         x64\Release\mpf\clears.obj
         x64\Release\mpf\cmp.obj
         x64\Release\mpf\cmp_d.obj
         x64\Release\mpf\cmp_si.obj
         x64\Release\mpf\cmp_ui.obj
         x64\Release\mpf\div.obj
         x64\Release\mpf\div_2exp.obj
         x64\Release\mpf\div_ui.obj
         x64\Release\mpf\dump.obj
         x64\Release\mpf\eq.obj
         x64\Release\mpf\fits_si.obj
         x64\Release\mpf\fits_sint.obj
         x64\Release\mpf\fits_slong.obj
         x64\Release\mpf\fits_sshort.obj
         x64\Release\mpf\fits_ui.obj
         x64\Release\mpf\fits_uint.obj
         x64\Release\mpf\fits_ulong.obj
         x64\Release\mpf\fits_ushort.obj
         x64\Release\mpf\get_d.obj
         x64\Release\mpf\get_d_2exp.obj
         x64\Release\mpf\get_dfl_prec.obj
         x64\Release\mpf\get_prc.obj
         x64\Release\mpf\get_si.obj
         x64\Release\mpf\get_str.obj
         x64\Release\mpf\get_ui.obj
         x64\Release\mpf\init.obj
         x64\Release\mpf\init2.obj
         x64\Release\mpf\inits.obj
         x64\Release\mpf\inp_str.obj
         x64\Release\mpf\int_p.obj
         x64\Release\mpf\iset.obj
         x64\Release\mpf\iset_d.obj
         x64\Release\mpf\iset_si.obj
         x64\Release\mpf\iset_str.obj
         x64\Release\mpf\iset_ui.obj
         x64\Release\mpf\mul.obj
         x64\Release\mpf\mul_2exp.obj
         x64\Release\mpf\mul_ui.obj
         x64\Release\mpf\neg.obj
         x64\Release\mpf\out_str.obj
         x64\Release\mpf\pow_ui.obj
         x64\Release\mpf\random2.obj
         x64\Release\mpf\reldiff.obj
         x64\Release\mpf\rrandomb.obj
         x64\Release\mpf\set.obj
         x64\Release\mpf\set_d.obj
         x64\Release\mpf\set_dfl_prec.obj
         x64\Release\mpf\set_prc.obj
         x64\Release\mpf\set_prc_raw.obj
         x64\Release\mpf\set_q.obj
         x64\Release\mpf\set_si.obj
         x64\Release\mpf\set_str.obj
         x64\Release\mpf\set_ui.obj
         x64\Release\mpf\set_z.obj
         x64\Release\mpf\size.obj
         x64\Release\mpf\sqrt.obj
         x64\Release\mpf\sqrt_ui.obj
         x64\Release\mpf\sub.obj
         x64\Release\mpf\sub_ui.obj
         x64\Release\mpf\swap.obj
         x64\Release\mpf\trunc.obj
         x64\Release\mpf\ui_div.obj
         x64\Release\mpf\ui_sub.obj
         x64\Release\mpf\urandomb.obj
         x64\Release\mpq\abs.obj
         x64\Release\mpq\aors.obj
         x64\Release\mpq\canonicalize.obj
         x64\Release\mpq\clear.obj
         x64\Release\mpq\clears.obj
         x64\Release\mpq\cmp.obj
         x64\Release\mpq\cmp_si.obj
         x64\Release\mpq\cmp_ui.obj
         x64\Release\mpq\div.obj
         x64\Release\mpq\equal.obj
         x64\Release\mpq\get_d.obj
         x64\Release\mpq\get_den.obj
         x64\Release\mpq\get_num.obj
         x64\Release\mpq\get_str.obj
         x64\Release\mpq\init.obj
         x64\Release\mpq\inits.obj
         x64\Release\mpq\inp_str.obj
         x64\Release\mpq\inv.obj
         x64\Release\mpq\md_2exp.obj
         x64\Release\mpq\mul.obj
         x64\Release\mpq\neg.obj
         x64\Release\mpq\out_str.obj
         x64\Release\mpq\set.obj
         x64\Release\mpq\set_d.obj
         x64\Release\mpq\set_den.obj
         x64\Release\mpq\set_f.obj
         x64\Release\mpq\set_num.obj
         x64\Release\mpq\set_si.obj
         x64\Release\mpq\set_str.obj
         x64\Release\mpq\set_ui.obj
         x64\Release\mpq\set_z.obj
         x64\Release\mpq\swap.obj
         x64\Release\mpz\2fac_ui.obj
         x64\Release\mpz\abs.obj
         x64\Release\mpz\add.obj
         x64\Release\mpz\add_ui.obj
         x64\Release\mpz\and.obj
         x64\Release\mpz\aorsmul.obj
         x64\Release\mpz\aorsmul_i.obj
         x64\Release\mpz\array_init.obj
         x64\Release\mpz\bin_ui.obj
         x64\Release\mpz\bin_uiui.obj
         x64\Release\mpz\cdiv_q.obj
         x64\Release\mpz\cdiv_q_ui.obj
         x64\Release\mpz\cdiv_qr.obj
         x64\Release\mpz\cdiv_qr_ui.obj
         x64\Release\mpz\cdiv_r.obj
         x64\Release\mpz\cdiv_r_ui.obj
         x64\Release\mpz\cdiv_ui.obj
         x64\Release\mpz\cfdiv_q_2exp.obj
         x64\Release\mpz\cfdiv_r_2exp.obj
         x64\Release\mpz\clear.obj
         x64\Release\mpz\clears.obj
         x64\Release\mpz\clrbit.obj
         x64\Release\mpz\cmp.obj
         x64\Release\mpz\cmp_d.obj
         x64\Release\mpz\cmp_si.obj
         x64\Release\mpz\cmp_ui.obj
         x64\Release\mpz\cmpabs.obj
         x64\Release\mpz\cmpabs_d.obj
         x64\Release\mpz\cmpabs_ui.obj
         x64\Release\mpz\com.obj
         x64\Release\mpz\combit.obj
         x64\Release\mpz\cong.obj
         x64\Release\mpz\cong_2exp.obj
         x64\Release\mpz\cong_ui.obj
         x64\Release\mpz\dive_ui.obj
         x64\Release\mpz\divegcd.obj
         x64\Release\mpz\divexact.obj
         x64\Release\mpz\divis.obj
         x64\Release\mpz\divis_2exp.obj
         x64\Release\mpz\divis_ui.obj
         x64\Release\mpz\dump.obj
         x64\Release\mpz\export.obj
         x64\Release\mpz\fac_ui.obj
         x64\Release\mpz\fdiv_q.obj
         x64\Release\mpz\fdiv_q_ui.obj
         x64\Release\mpz\fdiv_qr.obj
         x64\Release\mpz\fdiv_qr_ui.obj
         x64\Release\mpz\fdiv_r.obj
         x64\Release\mpz\fdiv_r_ui.obj
         x64\Release\mpz\fdiv_ui.obj
         x64\Release\mpz\fib2_ui.obj
         x64\Release\mpz\fib_ui.obj
         x64\Release\mpz\fits_si.obj
         x64\Release\mpz\fits_sint.obj
         x64\Release\mpz\fits_slong.obj
         x64\Release\mpz\fits_sshort.obj
         x64\Release\mpz\fits_ui.obj
         x64\Release\mpz\fits_uint.obj
         x64\Release\mpz\fits_ulong.obj
         x64\Release\mpz\fits_ushort.obj
         x64\Release\mpz\gcd.obj
         x64\Release\mpz\gcd_ui.obj
         x64\Release\mpz\gcdext.obj
         x64\Release\mpz\get_d.obj
         x64\Release\mpz\get_d_2exp.obj
         x64\Release\mpz\get_si.obj
         x64\Release\mpz\get_str.obj
         x64\Release\mpz\get_sx.obj
         x64\Release\mpz\get_ui.obj
         x64\Release\mpz\get_ux.obj
         x64\Release\mpz\getlimbn.obj
         x64\Release\mpz\hamdist.obj
         x64\Release\mpz\import.obj
         x64\Release\mpz\init.obj
         x64\Release\mpz\init2.obj
         x64\Release\mpz\inits.obj
         x64\Release\mpz\inp_raw.obj
         x64\Release\mpz\inp_str.obj
         x64\Release\mpz\invert.obj
         x64\Release\mpz\ior.obj
         x64\Release\mpz\iset.obj
         x64\Release\mpz\iset_d.obj
         x64\Release\mpz\iset_si.obj
         x64\Release\mpz\iset_str.obj
         x64\Release\mpz\iset_sx.obj
         x64\Release\mpz\iset_ui.obj
         x64\Release\mpz\iset_ux.obj
         x64\Release\mpz\jacobi.obj
         x64\Release\mpz\kronsz.obj
         x64\Release\mpz\kronuz.obj
         x64\Release\mpz\kronzs.obj
         x64\Release\mpz\kronzu.obj
         x64\Release\mpz\lcm.obj
         x64\Release\mpz\lcm_ui.obj
         x64\Release\mpz\likely_prime_p.obj
         x64\Release\mpz\lucnum2_ui.obj
         x64\Release\mpz\lucnum_ui.obj
         x64\Release\mpz\mfac_uiui.obj
         x64\Release\mpz\miller_rabin.obj
         x64\Release\mpz\millerrabin.obj
         x64\Release\mpz\mod.obj
         x64\Release\mpz\mul.obj
         x64\Release\mpz\mul_2exp.obj
         x64\Release\mpz\mul_si.obj
         x64\Release\mpz\mul_ui.obj
         x64\Release\mpz\n_pow_ui.obj
         x64\Release\mpz\neg.obj
         x64\Release\mpz\next_prime_candidate.obj
         x64\Release\mpz\nextprime.obj
         x64\Release\mpz\nthroot.obj
         x64\Release\mpz\oddfac_1.obj
         x64\Release\mpz\out_raw.obj
         x64\Release\mpz\out_str.obj
         x64\Release\mpz\perfpow.obj
         x64\Release\mpz\perfsqr.obj
         x64\Release\mpz\popcount.obj
         x64\Release\mpz\pow_ui.obj
         x64\Release\mpz\powm.obj
         x64\Release\mpz\powm_ui.obj
         x64\Release\mpz\pprime_p.obj
         x64\Release\mpz\primorial_ui.obj
         x64\Release\mpz\probable_prime_p.obj
         x64\Release\mpz\prodlimbs.obj
         x64\Release\mpz\realloc.obj
         x64\Release\mpz\realloc2.obj
         x64\Release\mpz\remove.obj
         x64\Release\mpz\root.obj
         x64\Release\mpz\rootrem.obj
         x64\Release\mpz\rrandomb.obj
         x64\Release\mpz\scan0.obj
         x64\Release\mpz\scan1.obj
         x64\Release\mpz\set.obj
         x64\Release\mpz\set_d.obj
         x64\Release\mpz\set_f.obj
         x64\Release\mpz\set_q.obj
         x64\Release\mpz\set_si.obj
         x64\Release\mpz\set_str.obj
         x64\Release\mpz\set_sx.obj
         x64\Release\mpz\set_ui.obj
         x64\Release\mpz\set_ux.obj
         x64\Release\mpz\setbit.obj
         x64\Release\mpz\size.obj
         x64\Release\mpz\sizeinbase.obj
         x64\Release\mpz\sqrt.obj
         x64\Release\mpz\sqrtrem.obj
         x64\Release\mpz\sub.obj
         x64\Release\mpz\sub_ui.obj
         x64\Release\mpz\swap.obj
         x64\Release\mpz\tdiv_q.obj
         x64\Release\mpz\tdiv_q_2exp.obj
         x64\Release\mpz\tdiv_q_ui.obj
         x64\Release\mpz\tdiv_qr.obj
         x64\Release\mpz\tdiv_qr_ui.obj
         x64\Release\mpz\tdiv_r.obj
         x64\Release\mpz\tdiv_r_2exp.obj
         x64\Release\mpz\tdiv_r_ui.obj
         x64\Release\mpz\tdiv_ui.obj
         x64\Release\mpz\trial_division.obj
         x64\Release\mpz\tstbit.obj
         x64\Release\mpz\ui_pow_ui.obj
         x64\Release\mpz\ui_sub.obj
         x64\Release\mpz\urandomb.obj
         x64\Release\mpz\urandomm.obj
         x64\Release\mpz\xor.obj
         x64\Release\printf\asprintf.obj
         x64\Release\printf\asprntffuns.obj
         x64\Release\printf\doprnt.obj
         x64\Release\printf\doprntf.obj
         x64\Release\printf\doprnti.obj
         x64\Release\printf\fprintf.obj
         x64\Release\printf\obprintf.obj
         x64\Release\printf\obprntffuns.obj
         x64\Release\printf\obvprintf.obj
         x64\Release\printf\printf.obj
         x64\Release\printf\printffuns.obj
         "x64\Release\printf\repl-vsnprintf.obj"
         x64\Release\printf\snprintf.obj
         x64\Release\printf\snprntffuns.obj
         x64\Release\printf\sprintf.obj
         x64\Release\printf\sprintffuns.obj
         x64\Release\printf\vasprintf.obj
         x64\Release\printf\vfprintf.obj
         x64\Release\printf\vprintf.obj
         x64\Release\printf\vsnprintf.obj
         x64\Release\printf\vsprintf.obj
         x64\Release\scanf\doscan.obj
         x64\Release\scanf\fscanf.obj
         x64\Release\scanf\fscanffuns.obj
         x64\Release\scanf\scanf.obj
         x64\Release\scanf\sscanf.obj
         x64\Release\scanf\sscanffuns.obj
         x64\Release\scanf\vfscanf.obj
         x64\Release\scanf\vscanf.obj
         x64\Release\scanf\vsscanf.obj
         x64\Release\mpn\add.obj
         x64\Release\mpn\add_1.obj
         x64\Release\mpn\bdivmod.obj
         x64\Release\mpn\cmp.obj
         x64\Release\mpn\comb_tables.obj
         x64\Release\mpn\dc_bdiv_q.obj
         x64\Release\mpn\dc_bdiv_q_n.obj
         x64\Release\mpn\dc_bdiv_qr.obj
         x64\Release\mpn\dc_bdiv_qr_n.obj
         x64\Release\mpn\dc_div_q.obj
         x64\Release\mpn\dc_div_qr.obj
         x64\Release\mpn\dc_div_qr_n.obj
         x64\Release\mpn\dc_divappr_q.obj
         x64\Release\mpn\divexact.obj
         x64\Release\mpn\divisible_p.obj
         x64\Release\mpn\divrem.obj
         x64\Release\mpn\divrem_1.obj
         x64\Release\mpn\divrem_euclidean_r_1.obj
         x64\Release\mpn\divrem_hensel_qr_1.obj
         x64\Release\mpn\divrem_hensel_rsh_qr_1.obj
         x64\Release\mpn\dump.obj
         x64\Release\mpn\fib2_ui.obj
         x64\Release\mpn\fib_table.obj
         x64\Release\mpn\gcd.obj
         x64\Release\mpn\gcd_1.obj
         x64\Release\mpn\gcd_subdiv_step.obj
         x64\Release\mpn\gcdext.obj
         x64\Release\mpn\gcdext_1.obj
         x64\Release\mpn\gcdext_lehmer.obj
         x64\Release\mpn\get_d.obj
         x64\Release\mpn\get_str.obj
         x64\Release\mpn\hgcd.obj
         x64\Release\mpn\hgcd2.obj
         x64\Release\mpn\hgcd2_jacobi.obj
         x64\Release\mpn\hgcd_appr.obj
         x64\Release\mpn\hgcd_jacobi.obj
         x64\Release\mpn\hgcd_matrix.obj
         x64\Release\mpn\hgcd_reduce.obj
         x64\Release\mpn\hgcd_step.obj
         x64\Release\mpn\inv_div_q.obj
         x64\Release\mpn\inv_div_qr.obj
         x64\Release\mpn\inv_div_qr_n.obj
         x64\Release\mpn\inv_divappr_q.obj
         x64\Release\mpn\inv_divappr_q_n.obj
         x64\Release\mpn\invert.obj
         x64\Release\mpn\jacobi.obj
         x64\Release\mpn\jacobi_2.obj
         x64\Release\mpn\jacobi_base.obj
         x64\Release\mpn\matrix22_mul.obj
         x64\Release\mpn\matrix22_mul1_inverse_vector.obj
         x64\Release\mpn\mod_1.obj
         x64\Release\mpn\mod_34lsub1.obj
         x64\Release\mpn\mp_bases.obj
         x64\Release\mpn\mul.obj
         x64\Release\mpn\mul_fft.obj
         x64\Release\mpn\mul_n.obj
         x64\Release\mpn\mulhigh_n.obj
         x64\Release\mpn\mullow_basecase.obj
         x64\Release\mpn\mullow_n.obj
         x64\Release\mpn\mullow_n_basecase.obj
         x64\Release\mpn\mulmid.obj
         x64\Release\mpn\mulmid_n.obj
         x64\Release\mpn\mulmod_2expm1.obj
         x64\Release\mpn\mulmod_2expp1_basecase.obj
         x64\Release\mpn\mulmod_bexpp1.obj
         x64\Release\mpn\neg_n.obj
         x64\Release\mpn\perfect_square_p.obj
         x64\Release\mpn\pow_1.obj
         x64\Release\mpn\preinv_mod_1.obj
         x64\Release\mpn\random.obj
         x64\Release\mpn\random2.obj
         x64\Release\mpn\randomb.obj
         x64\Release\mpn\redc_2.obj
         x64\Release\mpn\rootrem.obj
         x64\Release\mpn\rootrem_basecase.obj
         x64\Release\mpn\rrandom.obj
         x64\Release\mpn\rsh_divrem_hensel_qr_1.obj
         x64\Release\mpn\sb_bdiv_q.obj
         x64\Release\mpn\sb_bdiv_qr.obj
         x64\Release\mpn\sb_div_q.obj
         x64\Release\mpn\sb_div_qr.obj
         x64\Release\mpn\sb_divappr_q.obj
         x64\Release\mpn\scan0.obj
         x64\Release\mpn\scan1.obj
         x64\Release\mpn\set_str.obj
         x64\Release\mpn\sizeinbase.obj
         x64\Release\mpn\sqrtrem.obj
         x64\Release\mpn\sub.obj
         x64\Release\mpn\sub_1.obj
         x64\Release\mpn\tdiv_q.obj
         x64\Release\mpn\tdiv_qr.obj
         x64\Release\mpn\toom3_mul.obj
         x64\Release\mpn\toom3_mul_n.obj
         x64\Release\mpn\toom42_mulmid.obj
         x64\Release\mpn\toom4_mul.obj
         x64\Release\mpn\toom4_mul_n.obj
         x64\Release\mpn\toom8_sqr_n.obj
         x64\Release\mpn\toom8h_mul.obj
         x64\Release\mpn\toom_couple_handling.obj
         x64\Release\mpn\toom_eval_dgr3_pm1.obj
         x64\Release\mpn\toom_eval_dgr3_pm2.obj
         x64\Release\mpn\toom_eval_pm1.obj
         x64\Release\mpn\toom_eval_pm2.obj
         x64\Release\mpn\toom_eval_pm2exp.obj
         x64\Release\mpn\toom_eval_pm2rexp.obj
         x64\Release\mpn\toom_interpolate_16pts.obj
         x64\Release\mpn\urandomb.obj
         x64\Release\mpn\urandomm.obj
         x64\Release\mpn\zero.obj
         lib_mpir_k8.vcxproj -> D:\coding\_github.samayel\mpir-mpfr-mpc-mpfi\mpir\build.vc12\x64\Release\mpir.lib
       PostBuildEvent:
         cd ..\
         postbuild "D:\coding\_github.samayel\mpir-mpfr-mpc-mpfi\mpir\build.vc12\x64\Release\mpir.lib"
             
         :VCEnd
         copying outputs from "x64\Release" to "..\lib\x64\Release"
     1>Done Building Project "d:\coding\_github.samayel\mpir-mpfr-mpc-mpfi\mpir\build.vc12\lib_mpir_k8\lib_mpir_k8.vcxproj" (Rebuild target(s)).

Build succeeded.

Time Elapsed 00:00:25.96
