d:\coding\mpir+mpf+mpc\mpir\build.vc12\lib_mpir_k8\x64\release\mpn\
d:\coding\mpir+mpf+mpc\mpir\build.vc12\x64\release\mpir.pdb
d:\coding\mpir+mpf+mpc\mpir\build.vc12\lib_mpir_k8\x64\release\randmt.obj
d:\coding\mpir+mpf+mpc\mpir\build.vc12\lib_mpir_k8\x64\release\randlc2x.obj
d:\coding\mpir+mpf+mpc\mpir\build.vc12\lib_mpir_k8\x64\release\randlc2s.obj
d:\coding\mpir+mpf+mpc\mpir\build.vc12\lib_mpir_k8\x64\release\randiset.obj
d:\coding\mpir+mpf+mpc\mpir\build.vc12\lib_mpir_k8\x64\release\randdef.obj
d:\coding\mpir+mpf+mpc\mpir\build.vc12\lib_mpir_k8\x64\release\randclr.obj
d:\coding\mpir+mpf+mpc\mpir\build.vc12\lib_mpir_k8\x64\release\randbui.obj
d:\coding\mpir+mpf+mpc\mpir\build.vc12\lib_mpir_k8\x64\release\primesieve.obj
d:\coding\mpir+mpf+mpc\mpir\build.vc12\lib_mpir_k8\x64\release\nextprime.obj
d:\coding\mpir+mpf+mpc\mpir\build.vc12\lib_mpir_k8\x64\release\mp_set_fns.obj
d:\coding\mpir+mpf+mpc\mpir\build.vc12\lib_mpir_k8\x64\release\mp_minv_tab.obj
d:\coding\mpir+mpf+mpc\mpir\build.vc12\lib_mpir_k8\x64\release\mp_get_fns.obj
d:\coding\mpir+mpf+mpc\mpir\build.vc12\lib_mpir_k8\x64\release\mp_dv_tab.obj
d:\coding\mpir+mpf+mpc\mpir\build.vc12\lib_mpir_k8\x64\release\mp_clz_tab.obj
d:\coding\mpir+mpf+mpc\mpir\build.vc12\lib_mpir_k8\x64\release\mp_bpl.obj
d:\coding\mpir+mpf+mpc\mpir\build.vc12\lib_mpir_k8\x64\release\memory.obj
d:\coding\mpir+mpf+mpc\mpir\build.vc12\lib_mpir_k8\x64\release\invalid.obj
d:\coding\mpir+mpf+mpc\mpir\build.vc12\lib_mpir_k8\x64\release\extract-dbl.obj
d:\coding\mpir+mpf+mpc\mpir\build.vc12\lib_mpir_k8\x64\release\errno.obj
d:\coding\mpir+mpf+mpc\mpir\build.vc12\lib_mpir_k8\x64\release\assert.obj
d:\coding\mpir+mpf+mpc\mpir\build.vc12\lib_mpir_k8\x64\release\version.obj
d:\coding\mpir+mpf+mpc\mpir\build.vc12\lib_mpir_k8\x64\release\tal-reent.obj
d:\coding\mpir+mpf+mpc\mpir\build.vc12\lib_mpir_k8\x64\release\randsdui.obj
d:\coding\mpir+mpf+mpc\mpir\build.vc12\lib_mpir_k8\x64\release\randsd.obj
d:\coding\mpir+mpf+mpc\mpir\build.vc12\lib_mpir_k8\x64\release\rands.obj
d:\coding\mpir+mpf+mpc\mpir\build.vc12\lib_mpir_k8\x64\release\randmui.obj
d:\coding\mpir+mpf+mpc\mpir\build.vc12\lib_mpir_k8\x64\release\randmts.obj
d:\coding\mpir+mpf+mpc\mpir\build.vc12\lib_mpir_k8\x64\release\fft\mul_fft_main.obj
d:\coding\mpir+mpf+mpc\mpir\build.vc12\lib_mpir_k8\x64\release\fft\mul_2expmod_2expp1.obj
d:\coding\mpir+mpf+mpc\mpir\build.vc12\lib_mpir_k8\x64\release\fft\ifft_trunc_sqrt2.obj
d:\coding\mpir+mpf+mpc\mpir\build.vc12\lib_mpir_k8\x64\release\fft\ifft_trunc.obj
d:\coding\mpir+mpf+mpc\mpir\build.vc12\lib_mpir_k8\x64\release\fft\ifft_radix2.obj
d:\coding\mpir+mpf+mpc\mpir\build.vc12\lib_mpir_k8\x64\release\fft\ifft_negacyclic.obj
d:\coding\mpir+mpf+mpc\mpir\build.vc12\lib_mpir_k8\x64\release\fft\ifft_mfa_trunc_sqrt2.obj
d:\coding\mpir+mpf+mpc\mpir\build.vc12\lib_mpir_k8\x64\release\fft\fft_trunc_sqrt2.obj
d:\coding\mpir+mpf+mpc\mpir\build.vc12\lib_mpir_k8\x64\release\fft\fft_trunc.obj
d:\coding\mpir+mpf+mpc\mpir\build.vc12\lib_mpir_k8\x64\release\fft\fft_radix2.obj
d:\coding\mpir+mpf+mpc\mpir\build.vc12\lib_mpir_k8\x64\release\fft\fft_negacyclic.obj
d:\coding\mpir+mpf+mpc\mpir\build.vc12\lib_mpir_k8\x64\release\fft\fft_mfa_trunc_sqrt2_inner.obj
d:\coding\mpir+mpf+mpc\mpir\build.vc12\lib_mpir_k8\x64\release\fft\fft_mfa_trunc_sqrt2.obj
d:\coding\mpir+mpf+mpc\mpir\build.vc12\lib_mpir_k8\x64\release\fft\fermat_to_mpz.obj
d:\coding\mpir+mpf+mpc\mpir\build.vc12\lib_mpir_k8\x64\release\fft\div_2expmod_2expp1.obj
d:\coding\mpir+mpf+mpc\mpir\build.vc12\lib_mpir_k8\x64\release\fft\combine_bits.obj
d:\coding\mpir+mpf+mpc\mpir\build.vc12\lib_mpir_k8\x64\release\fft\butterfly_rshb.obj
d:\coding\mpir+mpf+mpc\mpir\build.vc12\lib_mpir_k8\x64\release\fft\butterfly_lshb.obj
d:\coding\mpir+mpf+mpc\mpir\build.vc12\lib_mpir_k8\x64\release\fft\adjust_sqrt2.obj
d:\coding\mpir+mpf+mpc\mpir\build.vc12\lib_mpir_k8\x64\release\fft\adjust.obj
d:\coding\mpir+mpf+mpc\mpir\build.vc12\lib_mpir_k8\x64\release\fft\split_bits.obj
d:\coding\mpir+mpf+mpc\mpir\build.vc12\lib_mpir_k8\x64\release\fft\revbin.obj
d:\coding\mpir+mpf+mpc\mpir\build.vc12\lib_mpir_k8\x64\release\fft\normmod_2expp1.obj
d:\coding\mpir+mpf+mpc\mpir\build.vc12\lib_mpir_k8\x64\release\fft\mulmod_2expp1.obj
d:\coding\mpir+mpf+mpc\mpir\build.vc12\lib_mpir_k8\x64\release\fft\mul_trunc_sqrt2.obj
d:\coding\mpir+mpf+mpc\mpir\build.vc12\lib_mpir_k8\x64\release\fft\mul_mfa_trunc_sqrt2.obj
d:\coding\mpir+mpf+mpc\mpir\build.vc12\lib_mpir_k8\x64\release\mpf\fits_ui.obj
d:\coding\mpir+mpf+mpc\mpir\build.vc12\lib_mpir_k8\x64\release\mpf\fits_sshort.obj
d:\coding\mpir+mpf+mpc\mpir\build.vc12\lib_mpir_k8\x64\release\mpf\fits_slong.obj
d:\coding\mpir+mpf+mpc\mpir\build.vc12\lib_mpir_k8\x64\release\mpf\fits_sint.obj
d:\coding\mpir+mpf+mpc\mpir\build.vc12\lib_mpir_k8\x64\release\mpf\fits_si.obj
d:\coding\mpir+mpf+mpc\mpir\build.vc12\lib_mpir_k8\x64\release\mpf\eq.obj
d:\coding\mpir+mpf+mpc\mpir\build.vc12\lib_mpir_k8\x64\release\mpf\dump.obj
d:\coding\mpir+mpf+mpc\mpir\build.vc12\lib_mpir_k8\x64\release\mpf\div_ui.obj
d:\coding\mpir+mpf+mpc\mpir\build.vc12\lib_mpir_k8\x64\release\mpf\div_2exp.obj
d:\coding\mpir+mpf+mpc\mpir\build.vc12\lib_mpir_k8\x64\release\mpf\div.obj
d:\coding\mpir+mpf+mpc\mpir\build.vc12\lib_mpir_k8\x64\release\mpf\cmp_ui.obj
d:\coding\mpir+mpf+mpc\mpir\build.vc12\lib_mpir_k8\x64\release\mpf\cmp_si.obj
d:\coding\mpir+mpf+mpc\mpir\build.vc12\lib_mpir_k8\x64\release\mpf\cmp_d.obj
d:\coding\mpir+mpf+mpc\mpir\build.vc12\lib_mpir_k8\x64\release\mpf\cmp.obj
d:\coding\mpir+mpf+mpc\mpir\build.vc12\lib_mpir_k8\x64\release\mpf\clears.obj
d:\coding\mpir+mpf+mpc\mpir\build.vc12\lib_mpir_k8\x64\release\mpf\clear.obj
d:\coding\mpir+mpf+mpc\mpir\build.vc12\lib_mpir_k8\x64\release\mpf\ceilfloor.obj
d:\coding\mpir+mpf+mpc\mpir\build.vc12\lib_mpir_k8\x64\release\mpf\add_ui.obj
d:\coding\mpir+mpf+mpc\mpir\build.vc12\lib_mpir_k8\x64\release\mpf\add.obj
d:\coding\mpir+mpf+mpc\mpir\build.vc12\lib_mpir_k8\x64\release\mpf\abs.obj
d:\coding\mpir+mpf+mpc\mpir\build.vc12\lib_mpir_k8\x64\release\mpf\iset_ui.obj
d:\coding\mpir+mpf+mpc\mpir\build.vc12\lib_mpir_k8\x64\release\mpf\iset_str.obj
d:\coding\mpir+mpf+mpc\mpir\build.vc12\lib_mpir_k8\x64\release\mpf\iset_si.obj
d:\coding\mpir+mpf+mpc\mpir\build.vc12\lib_mpir_k8\x64\release\mpf\iset_d.obj
d:\coding\mpir+mpf+mpc\mpir\build.vc12\lib_mpir_k8\x64\release\mpf\iset.obj
d:\coding\mpir+mpf+mpc\mpir\build.vc12\lib_mpir_k8\x64\release\mpf\int_p.obj
d:\coding\mpir+mpf+mpc\mpir\build.vc12\lib_mpir_k8\x64\release\mpf\inp_str.obj
d:\coding\mpir+mpf+mpc\mpir\build.vc12\lib_mpir_k8\x64\release\mpf\inits.obj
d:\coding\mpir+mpf+mpc\mpir\build.vc12\lib_mpir_k8\x64\release\mpf\init2.obj
d:\coding\mpir+mpf+mpc\mpir\build.vc12\lib_mpir_k8\x64\release\mpf\init.obj
d:\coding\mpir+mpf+mpc\mpir\build.vc12\lib_mpir_k8\x64\release\mpf\get_ui.obj
d:\coding\mpir+mpf+mpc\mpir\build.vc12\lib_mpir_k8\x64\release\mpf\get_str.obj
d:\coding\mpir+mpf+mpc\mpir\build.vc12\lib_mpir_k8\x64\release\mpf\get_si.obj
d:\coding\mpir+mpf+mpc\mpir\build.vc12\lib_mpir_k8\x64\release\mpf\get_prc.obj
d:\coding\mpir+mpf+mpc\mpir\build.vc12\lib_mpir_k8\x64\release\mpf\get_dfl_prec.obj
d:\coding\mpir+mpf+mpc\mpir\build.vc12\lib_mpir_k8\x64\release\mpf\get_d_2exp.obj
d:\coding\mpir+mpf+mpc\mpir\build.vc12\lib_mpir_k8\x64\release\mpf\get_d.obj
d:\coding\mpir+mpf+mpc\mpir\build.vc12\lib_mpir_k8\x64\release\mpf\fits_ushort.obj
d:\coding\mpir+mpf+mpc\mpir\build.vc12\lib_mpir_k8\x64\release\mpf\fits_ulong.obj
d:\coding\mpir+mpf+mpc\mpir\build.vc12\lib_mpir_k8\x64\release\mpf\fits_uint.obj
d:\coding\mpir+mpf+mpc\mpir\build.vc12\lib_mpir_k8\x64\release\mpf\size.obj
d:\coding\mpir+mpf+mpc\mpir\build.vc12\lib_mpir_k8\x64\release\mpf\set_z.obj
d:\coding\mpir+mpf+mpc\mpir\build.vc12\lib_mpir_k8\x64\release\mpf\set_ui.obj
d:\coding\mpir+mpf+mpc\mpir\build.vc12\lib_mpir_k8\x64\release\mpf\set_str.obj
d:\coding\mpir+mpf+mpc\mpir\build.vc12\lib_mpir_k8\x64\release\mpf\set_si.obj
d:\coding\mpir+mpf+mpc\mpir\build.vc12\lib_mpir_k8\x64\release\mpf\set_q.obj
d:\coding\mpir+mpf+mpc\mpir\build.vc12\lib_mpir_k8\x64\release\mpf\set_prc_raw.obj
d:\coding\mpir+mpf+mpc\mpir\build.vc12\lib_mpir_k8\x64\release\mpf\set_prc.obj
d:\coding\mpir+mpf+mpc\mpir\build.vc12\lib_mpir_k8\x64\release\mpf\set_dfl_prec.obj
d:\coding\mpir+mpf+mpc\mpir\build.vc12\lib_mpir_k8\x64\release\mpf\set_d.obj
d:\coding\mpir+mpf+mpc\mpir\build.vc12\lib_mpir_k8\x64\release\mpf\set.obj
d:\coding\mpir+mpf+mpc\mpir\build.vc12\lib_mpir_k8\x64\release\mpf\rrandomb.obj
d:\coding\mpir+mpf+mpc\mpir\build.vc12\lib_mpir_k8\x64\release\mpf\reldiff.obj
d:\coding\mpir+mpf+mpc\mpir\build.vc12\lib_mpir_k8\x64\release\mpf\random2.obj
d:\coding\mpir+mpf+mpc\mpir\build.vc12\lib_mpir_k8\x64\release\mpf\pow_ui.obj
d:\coding\mpir+mpf+mpc\mpir\build.vc12\lib_mpir_k8\x64\release\mpf\out_str.obj
d:\coding\mpir+mpf+mpc\mpir\build.vc12\lib_mpir_k8\x64\release\mpf\neg.obj
d:\coding\mpir+mpf+mpc\mpir\build.vc12\lib_mpir_k8\x64\release\mpf\mul_ui.obj
d:\coding\mpir+mpf+mpc\mpir\build.vc12\lib_mpir_k8\x64\release\mpf\mul_2exp.obj
d:\coding\mpir+mpf+mpc\mpir\build.vc12\lib_mpir_k8\x64\release\mpf\mul.obj
d:\coding\mpir+mpf+mpc\mpir\build.vc12\lib_mpir_k8\x64\release\mpf\urandomb.obj
d:\coding\mpir+mpf+mpc\mpir\build.vc12\lib_mpir_k8\x64\release\mpf\ui_sub.obj
d:\coding\mpir+mpf+mpc\mpir\build.vc12\lib_mpir_k8\x64\release\mpf\ui_div.obj
d:\coding\mpir+mpf+mpc\mpir\build.vc12\lib_mpir_k8\x64\release\mpf\trunc.obj
d:\coding\mpir+mpf+mpc\mpir\build.vc12\lib_mpir_k8\x64\release\mpf\swap.obj
d:\coding\mpir+mpf+mpc\mpir\build.vc12\lib_mpir_k8\x64\release\mpf\sub_ui.obj
d:\coding\mpir+mpf+mpc\mpir\build.vc12\lib_mpir_k8\x64\release\mpf\sub.obj
d:\coding\mpir+mpf+mpc\mpir\build.vc12\lib_mpir_k8\x64\release\mpf\sqrt_ui.obj
d:\coding\mpir+mpf+mpc\mpir\build.vc12\lib_mpir_k8\x64\release\mpf\sqrt.obj
d:\coding\mpir+mpf+mpc\mpir\build.vc12\lib_mpir_k8\x64\release\mpq\mul.obj
d:\coding\mpir+mpf+mpc\mpir\build.vc12\lib_mpir_k8\x64\release\mpq\md_2exp.obj
d:\coding\mpir+mpf+mpc\mpir\build.vc12\lib_mpir_k8\x64\release\mpq\inv.obj
d:\coding\mpir+mpf+mpc\mpir\build.vc12\lib_mpir_k8\x64\release\mpq\inp_str.obj
d:\coding\mpir+mpf+mpc\mpir\build.vc12\lib_mpir_k8\x64\release\mpq\inits.obj
d:\coding\mpir+mpf+mpc\mpir\build.vc12\lib_mpir_k8\x64\release\mpq\init.obj
d:\coding\mpir+mpf+mpc\mpir\build.vc12\lib_mpir_k8\x64\release\mpq\get_str.obj
d:\coding\mpir+mpf+mpc\mpir\build.vc12\lib_mpir_k8\x64\release\mpq\get_num.obj
d:\coding\mpir+mpf+mpc\mpir\build.vc12\lib_mpir_k8\x64\release\mpq\get_den.obj
d:\coding\mpir+mpf+mpc\mpir\build.vc12\lib_mpir_k8\x64\release\mpq\get_d.obj
d:\coding\mpir+mpf+mpc\mpir\build.vc12\lib_mpir_k8\x64\release\mpq\equal.obj
d:\coding\mpir+mpf+mpc\mpir\build.vc12\lib_mpir_k8\x64\release\mpq\div.obj
d:\coding\mpir+mpf+mpc\mpir\build.vc12\lib_mpir_k8\x64\release\mpq\cmp_ui.obj
d:\coding\mpir+mpf+mpc\mpir\build.vc12\lib_mpir_k8\x64\release\mpq\cmp_si.obj
d:\coding\mpir+mpf+mpc\mpir\build.vc12\lib_mpir_k8\x64\release\mpq\cmp.obj
d:\coding\mpir+mpf+mpc\mpir\build.vc12\lib_mpir_k8\x64\release\mpq\clears.obj
d:\coding\mpir+mpf+mpc\mpir\build.vc12\lib_mpir_k8\x64\release\mpq\clear.obj
d:\coding\mpir+mpf+mpc\mpir\build.vc12\lib_mpir_k8\x64\release\mpq\canonicalize.obj
d:\coding\mpir+mpf+mpc\mpir\build.vc12\lib_mpir_k8\x64\release\mpq\aors.obj
d:\coding\mpir+mpf+mpc\mpir\build.vc12\lib_mpir_k8\x64\release\mpq\abs.obj
d:\coding\mpir+mpf+mpc\mpir\build.vc12\lib_mpir_k8\x64\release\mpq\swap.obj
d:\coding\mpir+mpf+mpc\mpir\build.vc12\lib_mpir_k8\x64\release\mpq\set_z.obj
d:\coding\mpir+mpf+mpc\mpir\build.vc12\lib_mpir_k8\x64\release\mpq\set_ui.obj
d:\coding\mpir+mpf+mpc\mpir\build.vc12\lib_mpir_k8\x64\release\mpq\set_str.obj
d:\coding\mpir+mpf+mpc\mpir\build.vc12\lib_mpir_k8\x64\release\mpq\set_si.obj
d:\coding\mpir+mpf+mpc\mpir\build.vc12\lib_mpir_k8\x64\release\mpq\set_num.obj
d:\coding\mpir+mpf+mpc\mpir\build.vc12\lib_mpir_k8\x64\release\mpq\set_f.obj
d:\coding\mpir+mpf+mpc\mpir\build.vc12\lib_mpir_k8\x64\release\mpq\set_den.obj
d:\coding\mpir+mpf+mpc\mpir\build.vc12\lib_mpir_k8\x64\release\mpq\set_d.obj
d:\coding\mpir+mpf+mpc\mpir\build.vc12\lib_mpir_k8\x64\release\mpq\set.obj
d:\coding\mpir+mpf+mpc\mpir\build.vc12\lib_mpir_k8\x64\release\mpq\out_str.obj
d:\coding\mpir+mpf+mpc\mpir\build.vc12\lib_mpir_k8\x64\release\mpq\neg.obj
d:\coding\mpir+mpf+mpc\mpir\build.vc12\lib_mpir_k8\x64\release\mpz\clear.obj
d:\coding\mpir+mpf+mpc\mpir\build.vc12\lib_mpir_k8\x64\release\mpz\cfdiv_r_2exp.obj
d:\coding\mpir+mpf+mpc\mpir\build.vc12\lib_mpir_k8\x64\release\mpz\cfdiv_q_2exp.obj
d:\coding\mpir+mpf+mpc\mpir\build.vc12\lib_mpir_k8\x64\release\mpz\cdiv_ui.obj
d:\coding\mpir+mpf+mpc\mpir\build.vc12\lib_mpir_k8\x64\release\mpz\cdiv_r_ui.obj
d:\coding\mpir+mpf+mpc\mpir\build.vc12\lib_mpir_k8\x64\release\mpz\cdiv_r.obj
d:\coding\mpir+mpf+mpc\mpir\build.vc12\lib_mpir_k8\x64\release\mpz\cdiv_qr_ui.obj
d:\coding\mpir+mpf+mpc\mpir\build.vc12\lib_mpir_k8\x64\release\mpz\cdiv_qr.obj
d:\coding\mpir+mpf+mpc\mpir\build.vc12\lib_mpir_k8\x64\release\mpz\cdiv_q_ui.obj
d:\coding\mpir+mpf+mpc\mpir\build.vc12\lib_mpir_k8\x64\release\mpz\cdiv_q.obj
d:\coding\mpir+mpf+mpc\mpir\build.vc12\lib_mpir_k8\x64\release\mpz\bin_uiui.obj
d:\coding\mpir+mpf+mpc\mpir\build.vc12\lib_mpir_k8\x64\release\mpz\bin_ui.obj
d:\coding\mpir+mpf+mpc\mpir\build.vc12\lib_mpir_k8\x64\release\mpz\array_init.obj
d:\coding\mpir+mpf+mpc\mpir\build.vc12\lib_mpir_k8\x64\release\mpz\aorsmul_i.obj
d:\coding\mpir+mpf+mpc\mpir\build.vc12\lib_mpir_k8\x64\release\mpz\aorsmul.obj
d:\coding\mpir+mpf+mpc\mpir\build.vc12\lib_mpir_k8\x64\release\mpz\and.obj
d:\coding\mpir+mpf+mpc\mpir\build.vc12\lib_mpir_k8\x64\release\mpz\add_ui.obj
d:\coding\mpir+mpf+mpc\mpir\build.vc12\lib_mpir_k8\x64\release\mpz\add.obj
d:\coding\mpir+mpf+mpc\mpir\build.vc12\lib_mpir_k8\x64\release\mpz\abs.obj
d:\coding\mpir+mpf+mpc\mpir\build.vc12\lib_mpir_k8\x64\release\mpz\2fac_ui.obj
d:\coding\mpir+mpf+mpc\mpir\build.vc12\lib_mpir_k8\x64\release\mpz\divis_ui.obj
d:\coding\mpir+mpf+mpc\mpir\build.vc12\lib_mpir_k8\x64\release\mpz\divis_2exp.obj
d:\coding\mpir+mpf+mpc\mpir\build.vc12\lib_mpir_k8\x64\release\mpz\divis.obj
d:\coding\mpir+mpf+mpc\mpir\build.vc12\lib_mpir_k8\x64\release\mpz\divexact.obj
d:\coding\mpir+mpf+mpc\mpir\build.vc12\lib_mpir_k8\x64\release\mpz\divegcd.obj
d:\coding\mpir+mpf+mpc\mpir\build.vc12\lib_mpir_k8\x64\release\mpz\dive_ui.obj
d:\coding\mpir+mpf+mpc\mpir\build.vc12\lib_mpir_k8\x64\release\mpz\cong_ui.obj
d:\coding\mpir+mpf+mpc\mpir\build.vc12\lib_mpir_k8\x64\release\mpz\cong_2exp.obj
d:\coding\mpir+mpf+mpc\mpir\build.vc12\lib_mpir_k8\x64\release\mpz\cong.obj
d:\coding\mpir+mpf+mpc\mpir\build.vc12\lib_mpir_k8\x64\release\mpz\combit.obj
d:\coding\mpir+mpf+mpc\mpir\build.vc12\lib_mpir_k8\x64\release\mpz\com.obj
d:\coding\mpir+mpf+mpc\mpir\build.vc12\lib_mpir_k8\x64\release\mpz\cmpabs_ui.obj
d:\coding\mpir+mpf+mpc\mpir\build.vc12\lib_mpir_k8\x64\release\mpz\cmpabs_d.obj
d:\coding\mpir+mpf+mpc\mpir\build.vc12\lib_mpir_k8\x64\release\mpz\cmpabs.obj
d:\coding\mpir+mpf+mpc\mpir\build.vc12\lib_mpir_k8\x64\release\mpz\cmp_ui.obj
d:\coding\mpir+mpf+mpc\mpir\build.vc12\lib_mpir_k8\x64\release\mpz\cmp_si.obj
d:\coding\mpir+mpf+mpc\mpir\build.vc12\lib_mpir_k8\x64\release\mpz\cmp_d.obj
d:\coding\mpir+mpf+mpc\mpir\build.vc12\lib_mpir_k8\x64\release\mpz\cmp.obj
d:\coding\mpir+mpf+mpc\mpir\build.vc12\lib_mpir_k8\x64\release\mpz\clrbit.obj
d:\coding\mpir+mpf+mpc\mpir\build.vc12\lib_mpir_k8\x64\release\mpz\clears.obj
d:\coding\mpir+mpf+mpc\mpir\build.vc12\lib_mpir_k8\x64\release\mpz\fits_ushort.obj
d:\coding\mpir+mpf+mpc\mpir\build.vc12\lib_mpir_k8\x64\release\mpz\fits_ulong.obj
d:\coding\mpir+mpf+mpc\mpir\build.vc12\lib_mpir_k8\x64\release\mpz\fits_uint.obj
d:\coding\mpir+mpf+mpc\mpir\build.vc12\lib_mpir_k8\x64\release\mpz\fits_ui.obj
d:\coding\mpir+mpf+mpc\mpir\build.vc12\lib_mpir_k8\x64\release\mpz\fits_sshort.obj
d:\coding\mpir+mpf+mpc\mpir\build.vc12\lib_mpir_k8\x64\release\mpz\fits_slong.obj
d:\coding\mpir+mpf+mpc\mpir\build.vc12\lib_mpir_k8\x64\release\mpz\fits_sint.obj
d:\coding\mpir+mpf+mpc\mpir\build.vc12\lib_mpir_k8\x64\release\mpz\fits_si.obj
d:\coding\mpir+mpf+mpc\mpir\build.vc12\lib_mpir_k8\x64\release\mpz\fib_ui.obj
d:\coding\mpir+mpf+mpc\mpir\build.vc12\lib_mpir_k8\x64\release\mpz\fib2_ui.obj
d:\coding\mpir+mpf+mpc\mpir\build.vc12\lib_mpir_k8\x64\release\mpz\fdiv_ui.obj
d:\coding\mpir+mpf+mpc\mpir\build.vc12\lib_mpir_k8\x64\release\mpz\fdiv_r_ui.obj
d:\coding\mpir+mpf+mpc\mpir\build.vc12\lib_mpir_k8\x64\release\mpz\fdiv_r.obj
d:\coding\mpir+mpf+mpc\mpir\build.vc12\lib_mpir_k8\x64\release\mpz\fdiv_qr_ui.obj
d:\coding\mpir+mpf+mpc\mpir\build.vc12\lib_mpir_k8\x64\release\mpz\fdiv_qr.obj
d:\coding\mpir+mpf+mpc\mpir\build.vc12\lib_mpir_k8\x64\release\mpz\fdiv_q_ui.obj
d:\coding\mpir+mpf+mpc\mpir\build.vc12\lib_mpir_k8\x64\release\mpz\fdiv_q.obj
d:\coding\mpir+mpf+mpc\mpir\build.vc12\lib_mpir_k8\x64\release\mpz\fac_ui.obj
d:\coding\mpir+mpf+mpc\mpir\build.vc12\lib_mpir_k8\x64\release\mpz\export.obj
d:\coding\mpir+mpf+mpc\mpir\build.vc12\lib_mpir_k8\x64\release\mpz\dump.obj
d:\coding\mpir+mpf+mpc\mpir\build.vc12\lib_mpir_k8\x64\release\mpz\ior.obj
d:\coding\mpir+mpf+mpc\mpir\build.vc12\lib_mpir_k8\x64\release\mpz\invert.obj
d:\coding\mpir+mpf+mpc\mpir\build.vc12\lib_mpir_k8\x64\release\mpz\inp_str.obj
d:\coding\mpir+mpf+mpc\mpir\build.vc12\lib_mpir_k8\x64\release\mpz\inp_raw.obj
d:\coding\mpir+mpf+mpc\mpir\build.vc12\lib_mpir_k8\x64\release\mpz\inits.obj
d:\coding\mpir+mpf+mpc\mpir\build.vc12\lib_mpir_k8\x64\release\mpz\init2.obj
d:\coding\mpir+mpf+mpc\mpir\build.vc12\lib_mpir_k8\x64\release\mpz\init.obj
d:\coding\mpir+mpf+mpc\mpir\build.vc12\lib_mpir_k8\x64\release\mpz\import.obj
d:\coding\mpir+mpf+mpc\mpir\build.vc12\lib_mpir_k8\x64\release\mpz\hamdist.obj
d:\coding\mpir+mpf+mpc\mpir\build.vc12\lib_mpir_k8\x64\release\mpz\getlimbn.obj
d:\coding\mpir+mpf+mpc\mpir\build.vc12\lib_mpir_k8\x64\release\mpz\get_ux.obj
d:\coding\mpir+mpf+mpc\mpir\build.vc12\lib_mpir_k8\x64\release\mpz\get_ui.obj
d:\coding\mpir+mpf+mpc\mpir\build.vc12\lib_mpir_k8\x64\release\mpz\get_sx.obj
d:\coding\mpir+mpf+mpc\mpir\build.vc12\lib_mpir_k8\x64\release\mpz\get_str.obj
d:\coding\mpir+mpf+mpc\mpir\build.vc12\lib_mpir_k8\x64\release\mpz\get_si.obj
d:\coding\mpir+mpf+mpc\mpir\build.vc12\lib_mpir_k8\x64\release\mpz\get_d_2exp.obj
d:\coding\mpir+mpf+mpc\mpir\build.vc12\lib_mpir_k8\x64\release\mpz\get_d.obj
d:\coding\mpir+mpf+mpc\mpir\build.vc12\lib_mpir_k8\x64\release\mpz\gcdext.obj
d:\coding\mpir+mpf+mpc\mpir\build.vc12\lib_mpir_k8\x64\release\mpz\gcd_ui.obj
d:\coding\mpir+mpf+mpc\mpir\build.vc12\lib_mpir_k8\x64\release\mpz\gcd.obj
d:\coding\mpir+mpf+mpc\mpir\build.vc12\lib_mpir_k8\x64\release\mpz\millerrabin.obj
d:\coding\mpir+mpf+mpc\mpir\build.vc12\lib_mpir_k8\x64\release\mpz\miller_rabin.obj
d:\coding\mpir+mpf+mpc\mpir\build.vc12\lib_mpir_k8\x64\release\mpz\mfac_uiui.obj
d:\coding\mpir+mpf+mpc\mpir\build.vc12\lib_mpir_k8\x64\release\mpz\lucnum_ui.obj
d:\coding\mpir+mpf+mpc\mpir\build.vc12\lib_mpir_k8\x64\release\mpz\lucnum2_ui.obj
d:\coding\mpir+mpf+mpc\mpir\build.vc12\lib_mpir_k8\x64\release\mpz\likely_prime_p.obj
d:\coding\mpir+mpf+mpc\mpir\build.vc12\lib_mpir_k8\x64\release\mpz\lcm_ui.obj
d:\coding\mpir+mpf+mpc\mpir\build.vc12\lib_mpir_k8\x64\release\mpz\lcm.obj
d:\coding\mpir+mpf+mpc\mpir\build.vc12\lib_mpir_k8\x64\release\mpz\kronzu.obj
d:\coding\mpir+mpf+mpc\mpir\build.vc12\lib_mpir_k8\x64\release\mpz\kronzs.obj
d:\coding\mpir+mpf+mpc\mpir\build.vc12\lib_mpir_k8\x64\release\mpz\kronuz.obj
d:\coding\mpir+mpf+mpc\mpir\build.vc12\lib_mpir_k8\x64\release\mpz\kronsz.obj
d:\coding\mpir+mpf+mpc\mpir\build.vc12\lib_mpir_k8\x64\release\mpz\jacobi.obj
d:\coding\mpir+mpf+mpc\mpir\build.vc12\lib_mpir_k8\x64\release\mpz\iset_ux.obj
d:\coding\mpir+mpf+mpc\mpir\build.vc12\lib_mpir_k8\x64\release\mpz\iset_ui.obj
d:\coding\mpir+mpf+mpc\mpir\build.vc12\lib_mpir_k8\x64\release\mpz\iset_sx.obj
d:\coding\mpir+mpf+mpc\mpir\build.vc12\lib_mpir_k8\x64\release\mpz\iset_str.obj
d:\coding\mpir+mpf+mpc\mpir\build.vc12\lib_mpir_k8\x64\release\mpz\iset_si.obj
d:\coding\mpir+mpf+mpc\mpir\build.vc12\lib_mpir_k8\x64\release\mpz\iset_d.obj
d:\coding\mpir+mpf+mpc\mpir\build.vc12\lib_mpir_k8\x64\release\mpz\iset.obj
d:\coding\mpir+mpf+mpc\mpir\build.vc12\lib_mpir_k8\x64\release\mpz\pprime_p.obj
d:\coding\mpir+mpf+mpc\mpir\build.vc12\lib_mpir_k8\x64\release\mpz\powm_ui.obj
d:\coding\mpir+mpf+mpc\mpir\build.vc12\lib_mpir_k8\x64\release\mpz\powm.obj
d:\coding\mpir+mpf+mpc\mpir\build.vc12\lib_mpir_k8\x64\release\mpz\pow_ui.obj
d:\coding\mpir+mpf+mpc\mpir\build.vc12\lib_mpir_k8\x64\release\mpz\popcount.obj
d:\coding\mpir+mpf+mpc\mpir\build.vc12\lib_mpir_k8\x64\release\mpz\perfsqr.obj
d:\coding\mpir+mpf+mpc\mpir\build.vc12\lib_mpir_k8\x64\release\mpz\perfpow.obj
d:\coding\mpir+mpf+mpc\mpir\build.vc12\lib_mpir_k8\x64\release\mpz\out_str.obj
d:\coding\mpir+mpf+mpc\mpir\build.vc12\lib_mpir_k8\x64\release\mpz\out_raw.obj
d:\coding\mpir+mpf+mpc\mpir\build.vc12\lib_mpir_k8\x64\release\mpz\oddfac_1.obj
d:\coding\mpir+mpf+mpc\mpir\build.vc12\lib_mpir_k8\x64\release\mpz\nthroot.obj
d:\coding\mpir+mpf+mpc\mpir\build.vc12\lib_mpir_k8\x64\release\mpz\nextprime.obj
d:\coding\mpir+mpf+mpc\mpir\build.vc12\lib_mpir_k8\x64\release\mpz\next_prime_candidate.obj
d:\coding\mpir+mpf+mpc\mpir\build.vc12\lib_mpir_k8\x64\release\mpz\neg.obj
d:\coding\mpir+mpf+mpc\mpir\build.vc12\lib_mpir_k8\x64\release\mpz\n_pow_ui.obj
d:\coding\mpir+mpf+mpc\mpir\build.vc12\lib_mpir_k8\x64\release\mpz\mul_ui.obj
d:\coding\mpir+mpf+mpc\mpir\build.vc12\lib_mpir_k8\x64\release\mpz\mul_si.obj
d:\coding\mpir+mpf+mpc\mpir\build.vc12\lib_mpir_k8\x64\release\mpz\mul_2exp.obj
d:\coding\mpir+mpf+mpc\mpir\build.vc12\lib_mpir_k8\x64\release\mpz\mul.obj
d:\coding\mpir+mpf+mpc\mpir\build.vc12\lib_mpir_k8\x64\release\mpz\mod.obj
d:\coding\mpir+mpf+mpc\mpir\build.vc12\lib_mpir_k8\x64\release\mpz\set_ux.obj
d:\coding\mpir+mpf+mpc\mpir\build.vc12\lib_mpir_k8\x64\release\mpz\set_ui.obj
d:\coding\mpir+mpf+mpc\mpir\build.vc12\lib_mpir_k8\x64\release\mpz\set_sx.obj
d:\coding\mpir+mpf+mpc\mpir\build.vc12\lib_mpir_k8\x64\release\mpz\set_str.obj
d:\coding\mpir+mpf+mpc\mpir\build.vc12\lib_mpir_k8\x64\release\mpz\set_si.obj
d:\coding\mpir+mpf+mpc\mpir\build.vc12\lib_mpir_k8\x64\release\mpz\set_q.obj
d:\coding\mpir+mpf+mpc\mpir\build.vc12\lib_mpir_k8\x64\release\mpz\set_f.obj
d:\coding\mpir+mpf+mpc\mpir\build.vc12\lib_mpir_k8\x64\release\mpz\set_d.obj
d:\coding\mpir+mpf+mpc\mpir\build.vc12\lib_mpir_k8\x64\release\mpz\set.obj
d:\coding\mpir+mpf+mpc\mpir\build.vc12\lib_mpir_k8\x64\release\mpz\scan1.obj
d:\coding\mpir+mpf+mpc\mpir\build.vc12\lib_mpir_k8\x64\release\mpz\scan0.obj
d:\coding\mpir+mpf+mpc\mpir\build.vc12\lib_mpir_k8\x64\release\mpz\rrandomb.obj
d:\coding\mpir+mpf+mpc\mpir\build.vc12\lib_mpir_k8\x64\release\mpz\rootrem.obj
d:\coding\mpir+mpf+mpc\mpir\build.vc12\lib_mpir_k8\x64\release\mpz\root.obj
d:\coding\mpir+mpf+mpc\mpir\build.vc12\lib_mpir_k8\x64\release\mpz\remove.obj
d:\coding\mpir+mpf+mpc\mpir\build.vc12\lib_mpir_k8\x64\release\mpz\realloc2.obj
d:\coding\mpir+mpf+mpc\mpir\build.vc12\lib_mpir_k8\x64\release\mpz\realloc.obj
d:\coding\mpir+mpf+mpc\mpir\build.vc12\lib_mpir_k8\x64\release\mpz\prodlimbs.obj
d:\coding\mpir+mpf+mpc\mpir\build.vc12\lib_mpir_k8\x64\release\mpz\probable_prime_p.obj
d:\coding\mpir+mpf+mpc\mpir\build.vc12\lib_mpir_k8\x64\release\mpz\primorial_ui.obj
d:\coding\mpir+mpf+mpc\mpir\build.vc12\lib_mpir_k8\x64\release\mpz\ui_pow_ui.obj
d:\coding\mpir+mpf+mpc\mpir\build.vc12\lib_mpir_k8\x64\release\mpz\tstbit.obj
d:\coding\mpir+mpf+mpc\mpir\build.vc12\lib_mpir_k8\x64\release\mpz\trial_division.obj
d:\coding\mpir+mpf+mpc\mpir\build.vc12\lib_mpir_k8\x64\release\mpz\tdiv_ui.obj
d:\coding\mpir+mpf+mpc\mpir\build.vc12\lib_mpir_k8\x64\release\mpz\tdiv_r_ui.obj
d:\coding\mpir+mpf+mpc\mpir\build.vc12\lib_mpir_k8\x64\release\mpz\tdiv_r_2exp.obj
d:\coding\mpir+mpf+mpc\mpir\build.vc12\lib_mpir_k8\x64\release\mpz\tdiv_r.obj
d:\coding\mpir+mpf+mpc\mpir\build.vc12\lib_mpir_k8\x64\release\mpz\tdiv_qr_ui.obj
d:\coding\mpir+mpf+mpc\mpir\build.vc12\lib_mpir_k8\x64\release\mpz\tdiv_qr.obj
d:\coding\mpir+mpf+mpc\mpir\build.vc12\lib_mpir_k8\x64\release\mpz\tdiv_q_ui.obj
d:\coding\mpir+mpf+mpc\mpir\build.vc12\lib_mpir_k8\x64\release\mpz\tdiv_q_2exp.obj
d:\coding\mpir+mpf+mpc\mpir\build.vc12\lib_mpir_k8\x64\release\mpz\tdiv_q.obj
d:\coding\mpir+mpf+mpc\mpir\build.vc12\lib_mpir_k8\x64\release\mpz\swap.obj
d:\coding\mpir+mpf+mpc\mpir\build.vc12\lib_mpir_k8\x64\release\mpz\sub_ui.obj
d:\coding\mpir+mpf+mpc\mpir\build.vc12\lib_mpir_k8\x64\release\mpz\sub.obj
d:\coding\mpir+mpf+mpc\mpir\build.vc12\lib_mpir_k8\x64\release\mpz\sqrtrem.obj
d:\coding\mpir+mpf+mpc\mpir\build.vc12\lib_mpir_k8\x64\release\mpz\sqrt.obj
d:\coding\mpir+mpf+mpc\mpir\build.vc12\lib_mpir_k8\x64\release\mpz\sizeinbase.obj
d:\coding\mpir+mpf+mpc\mpir\build.vc12\lib_mpir_k8\x64\release\mpz\size.obj
d:\coding\mpir+mpf+mpc\mpir\build.vc12\lib_mpir_k8\x64\release\mpz\setbit.obj
d:\coding\mpir+mpf+mpc\mpir\build.vc12\lib_mpir_k8\x64\release\mpz\xor.obj
d:\coding\mpir+mpf+mpc\mpir\build.vc12\lib_mpir_k8\x64\release\mpz\urandomm.obj
d:\coding\mpir+mpf+mpc\mpir\build.vc12\lib_mpir_k8\x64\release\mpz\urandomb.obj
d:\coding\mpir+mpf+mpc\mpir\build.vc12\lib_mpir_k8\x64\release\mpz\ui_sub.obj
d:\coding\mpir+mpf+mpc\mpir\build.vc12\lib_mpir_k8\x64\release\printf\vsnprintf.obj
d:\coding\mpir+mpf+mpc\mpir\build.vc12\lib_mpir_k8\x64\release\printf\vprintf.obj
d:\coding\mpir+mpf+mpc\mpir\build.vc12\lib_mpir_k8\x64\release\printf\vfprintf.obj
d:\coding\mpir+mpf+mpc\mpir\build.vc12\lib_mpir_k8\x64\release\printf\vasprintf.obj
d:\coding\mpir+mpf+mpc\mpir\build.vc12\lib_mpir_k8\x64\release\printf\sprintffuns.obj
d:\coding\mpir+mpf+mpc\mpir\build.vc12\lib_mpir_k8\x64\release\printf\sprintf.obj
d:\coding\mpir+mpf+mpc\mpir\build.vc12\lib_mpir_k8\x64\release\printf\snprntffuns.obj
d:\coding\mpir+mpf+mpc\mpir\build.vc12\lib_mpir_k8\x64\release\printf\snprintf.obj
d:\coding\mpir+mpf+mpc\mpir\build.vc12\lib_mpir_k8\x64\release\printf\repl-vsnprintf.obj
d:\coding\mpir+mpf+mpc\mpir\build.vc12\lib_mpir_k8\x64\release\printf\printffuns.obj
d:\coding\mpir+mpf+mpc\mpir\build.vc12\lib_mpir_k8\x64\release\printf\printf.obj
d:\coding\mpir+mpf+mpc\mpir\build.vc12\lib_mpir_k8\x64\release\printf\obvprintf.obj
d:\coding\mpir+mpf+mpc\mpir\build.vc12\lib_mpir_k8\x64\release\printf\obprntffuns.obj
d:\coding\mpir+mpf+mpc\mpir\build.vc12\lib_mpir_k8\x64\release\printf\obprintf.obj
d:\coding\mpir+mpf+mpc\mpir\build.vc12\lib_mpir_k8\x64\release\printf\fprintf.obj
d:\coding\mpir+mpf+mpc\mpir\build.vc12\lib_mpir_k8\x64\release\printf\doprnti.obj
d:\coding\mpir+mpf+mpc\mpir\build.vc12\lib_mpir_k8\x64\release\printf\doprntf.obj
d:\coding\mpir+mpf+mpc\mpir\build.vc12\lib_mpir_k8\x64\release\printf\doprnt.obj
d:\coding\mpir+mpf+mpc\mpir\build.vc12\lib_mpir_k8\x64\release\printf\asprntffuns.obj
d:\coding\mpir+mpf+mpc\mpir\build.vc12\lib_mpir_k8\x64\release\printf\asprintf.obj
d:\coding\mpir+mpf+mpc\mpir\build.vc12\lib_mpir_k8\x64\release\printf\vsprintf.obj
d:\coding\mpir+mpf+mpc\mpir\build.vc12\lib_mpir_k8\x64\release\scanf\vsscanf.obj
d:\coding\mpir+mpf+mpc\mpir\build.vc12\lib_mpir_k8\x64\release\scanf\vscanf.obj
d:\coding\mpir+mpf+mpc\mpir\build.vc12\lib_mpir_k8\x64\release\scanf\vfscanf.obj
d:\coding\mpir+mpf+mpc\mpir\build.vc12\lib_mpir_k8\x64\release\scanf\sscanffuns.obj
d:\coding\mpir+mpf+mpc\mpir\build.vc12\lib_mpir_k8\x64\release\scanf\sscanf.obj
d:\coding\mpir+mpf+mpc\mpir\build.vc12\lib_mpir_k8\x64\release\scanf\scanf.obj
d:\coding\mpir+mpf+mpc\mpir\build.vc12\lib_mpir_k8\x64\release\scanf\fscanffuns.obj
d:\coding\mpir+mpf+mpc\mpir\build.vc12\lib_mpir_k8\x64\release\scanf\fscanf.obj
d:\coding\mpir+mpf+mpc\mpir\build.vc12\lib_mpir_k8\x64\release\scanf\doscan.obj
d:\coding\mpir+mpf+mpc\mpir\build.vc12\lib_mpir_k8\x64\release\mpn\divrem_hensel_rsh_qr_1.obj
d:\coding\mpir+mpf+mpc\mpir\build.vc12\lib_mpir_k8\x64\release\mpn\divrem_hensel_qr_1.obj
d:\coding\mpir+mpf+mpc\mpir\build.vc12\lib_mpir_k8\x64\release\mpn\divrem_euclidean_r_1.obj
d:\coding\mpir+mpf+mpc\mpir\build.vc12\lib_mpir_k8\x64\release\mpn\divrem_1.obj
d:\coding\mpir+mpf+mpc\mpir\build.vc12\lib_mpir_k8\x64\release\mpn\divrem.obj
d:\coding\mpir+mpf+mpc\mpir\build.vc12\lib_mpir_k8\x64\release\mpn\divisible_p.obj
d:\coding\mpir+mpf+mpc\mpir\build.vc12\lib_mpir_k8\x64\release\mpn\divexact.obj
d:\coding\mpir+mpf+mpc\mpir\build.vc12\lib_mpir_k8\x64\release\mpn\dc_divappr_q.obj
d:\coding\mpir+mpf+mpc\mpir\build.vc12\lib_mpir_k8\x64\release\mpn\dc_div_qr_n.obj
d:\coding\mpir+mpf+mpc\mpir\build.vc12\lib_mpir_k8\x64\release\mpn\dc_div_qr.obj
d:\coding\mpir+mpf+mpc\mpir\build.vc12\lib_mpir_k8\x64\release\mpn\dc_div_q.obj
d:\coding\mpir+mpf+mpc\mpir\build.vc12\lib_mpir_k8\x64\release\mpn\dc_bdiv_qr_n.obj
d:\coding\mpir+mpf+mpc\mpir\build.vc12\lib_mpir_k8\x64\release\mpn\dc_bdiv_qr.obj
d:\coding\mpir+mpf+mpc\mpir\build.vc12\lib_mpir_k8\x64\release\mpn\dc_bdiv_q_n.obj
d:\coding\mpir+mpf+mpc\mpir\build.vc12\lib_mpir_k8\x64\release\mpn\dc_bdiv_q.obj
d:\coding\mpir+mpf+mpc\mpir\build.vc12\lib_mpir_k8\x64\release\mpn\comb_tables.obj
d:\coding\mpir+mpf+mpc\mpir\build.vc12\lib_mpir_k8\x64\release\mpn\cmp.obj
d:\coding\mpir+mpf+mpc\mpir\build.vc12\lib_mpir_k8\x64\release\mpn\bdivmod.obj
d:\coding\mpir+mpf+mpc\mpir\build.vc12\lib_mpir_k8\x64\release\mpn\add_1.obj
d:\coding\mpir+mpf+mpc\mpir\build.vc12\lib_mpir_k8\x64\release\mpn\add.obj
d:\coding\mpir+mpf+mpc\mpir\build.vc12\lib_mpir_k8\x64\release\mpn\inv_div_q.obj
d:\coding\mpir+mpf+mpc\mpir\build.vc12\lib_mpir_k8\x64\release\mpn\hgcd_step.obj
d:\coding\mpir+mpf+mpc\mpir\build.vc12\lib_mpir_k8\x64\release\mpn\hgcd_reduce.obj
d:\coding\mpir+mpf+mpc\mpir\build.vc12\lib_mpir_k8\x64\release\mpn\hgcd_matrix.obj
d:\coding\mpir+mpf+mpc\mpir\build.vc12\lib_mpir_k8\x64\release\mpn\hgcd_jacobi.obj
d:\coding\mpir+mpf+mpc\mpir\build.vc12\lib_mpir_k8\x64\release\mpn\hgcd_appr.obj
d:\coding\mpir+mpf+mpc\mpir\build.vc12\lib_mpir_k8\x64\release\mpn\hgcd2_jacobi.obj
d:\coding\mpir+mpf+mpc\mpir\build.vc12\lib_mpir_k8\x64\release\mpn\hgcd2.obj
d:\coding\mpir+mpf+mpc\mpir\build.vc12\lib_mpir_k8\x64\release\mpn\hgcd.obj
d:\coding\mpir+mpf+mpc\mpir\build.vc12\lib_mpir_k8\x64\release\mpn\get_str.obj
d:\coding\mpir+mpf+mpc\mpir\build.vc12\lib_mpir_k8\x64\release\mpn\get_d.obj
d:\coding\mpir+mpf+mpc\mpir\build.vc12\lib_mpir_k8\x64\release\mpn\gcdext_lehmer.obj
d:\coding\mpir+mpf+mpc\mpir\build.vc12\lib_mpir_k8\x64\release\mpn\gcdext_1.obj
d:\coding\mpir+mpf+mpc\mpir\build.vc12\lib_mpir_k8\x64\release\mpn\gcdext.obj
d:\coding\mpir+mpf+mpc\mpir\build.vc12\lib_mpir_k8\x64\release\mpn\gcd_subdiv_step.obj
d:\coding\mpir+mpf+mpc\mpir\build.vc12\lib_mpir_k8\x64\release\mpn\gcd_1.obj
d:\coding\mpir+mpf+mpc\mpir\build.vc12\lib_mpir_k8\x64\release\mpn\gcd.obj
d:\coding\mpir+mpf+mpc\mpir\build.vc12\lib_mpir_k8\x64\release\mpn\fib_table.obj
d:\coding\mpir+mpf+mpc\mpir\build.vc12\lib_mpir_k8\x64\release\mpn\fib2_ui.obj
d:\coding\mpir+mpf+mpc\mpir\build.vc12\lib_mpir_k8\x64\release\mpn\dump.obj
d:\coding\mpir+mpf+mpc\mpir\build.vc12\lib_mpir_k8\x64\release\mpn\mullow_n_basecase.obj
d:\coding\mpir+mpf+mpc\mpir\build.vc12\lib_mpir_k8\x64\release\mpn\mullow_n.obj
d:\coding\mpir+mpf+mpc\mpir\build.vc12\lib_mpir_k8\x64\release\mpn\mullow_basecase.obj
d:\coding\mpir+mpf+mpc\mpir\build.vc12\lib_mpir_k8\x64\release\mpn\mulhigh_n.obj
d:\coding\mpir+mpf+mpc\mpir\build.vc12\lib_mpir_k8\x64\release\mpn\mul_n.obj
d:\coding\mpir+mpf+mpc\mpir\build.vc12\lib_mpir_k8\x64\release\mpn\mul_fft.obj
d:\coding\mpir+mpf+mpc\mpir\build.vc12\lib_mpir_k8\x64\release\mpn\mul.obj
d:\coding\mpir+mpf+mpc\mpir\build.vc12\lib_mpir_k8\x64\release\mpn\mp_bases.obj
d:\coding\mpir+mpf+mpc\mpir\build.vc12\lib_mpir_k8\x64\release\mpn\mod_34lsub1.obj
d:\coding\mpir+mpf+mpc\mpir\build.vc12\lib_mpir_k8\x64\release\mpn\mod_1.obj
d:\coding\mpir+mpf+mpc\mpir\build.vc12\lib_mpir_k8\x64\release\mpn\matrix22_mul1_inverse_vector.obj
d:\coding\mpir+mpf+mpc\mpir\build.vc12\lib_mpir_k8\x64\release\mpn\matrix22_mul.obj
d:\coding\mpir+mpf+mpc\mpir\build.vc12\lib_mpir_k8\x64\release\mpn\jacobi_base.obj
d:\coding\mpir+mpf+mpc\mpir\build.vc12\lib_mpir_k8\x64\release\mpn\jacobi_2.obj
d:\coding\mpir+mpf+mpc\mpir\build.vc12\lib_mpir_k8\x64\release\mpn\jacobi.obj
d:\coding\mpir+mpf+mpc\mpir\build.vc12\lib_mpir_k8\x64\release\mpn\invert.obj
d:\coding\mpir+mpf+mpc\mpir\build.vc12\lib_mpir_k8\x64\release\mpn\inv_divappr_q_n.obj
d:\coding\mpir+mpf+mpc\mpir\build.vc12\lib_mpir_k8\x64\release\mpn\inv_divappr_q.obj
d:\coding\mpir+mpf+mpc\mpir\build.vc12\lib_mpir_k8\x64\release\mpn\inv_div_qr_n.obj
d:\coding\mpir+mpf+mpc\mpir\build.vc12\lib_mpir_k8\x64\release\mpn\inv_div_qr.obj
d:\coding\mpir+mpf+mpc\mpir\build.vc12\lib_mpir_k8\x64\release\mpn\sb_div_q.obj
d:\coding\mpir+mpf+mpc\mpir\build.vc12\lib_mpir_k8\x64\release\mpn\sb_bdiv_qr.obj
d:\coding\mpir+mpf+mpc\mpir\build.vc12\lib_mpir_k8\x64\release\mpn\sb_bdiv_q.obj
d:\coding\mpir+mpf+mpc\mpir\build.vc12\lib_mpir_k8\x64\release\mpn\rsh_divrem_hensel_qr_1.obj
d:\coding\mpir+mpf+mpc\mpir\build.vc12\lib_mpir_k8\x64\release\mpn\rrandom.obj
d:\coding\mpir+mpf+mpc\mpir\build.vc12\lib_mpir_k8\x64\release\mpn\rootrem_basecase.obj
d:\coding\mpir+mpf+mpc\mpir\build.vc12\lib_mpir_k8\x64\release\mpn\rootrem.obj
d:\coding\mpir+mpf+mpc\mpir\build.vc12\lib_mpir_k8\x64\release\mpn\redc_2.obj
d:\coding\mpir+mpf+mpc\mpir\build.vc12\lib_mpir_k8\x64\release\mpn\randomb.obj
d:\coding\mpir+mpf+mpc\mpir\build.vc12\lib_mpir_k8\x64\release\mpn\random2.obj
d:\coding\mpir+mpf+mpc\mpir\build.vc12\lib_mpir_k8\x64\release\mpn\random.obj
d:\coding\mpir+mpf+mpc\mpir\build.vc12\lib_mpir_k8\x64\release\mpn\preinv_mod_1.obj
d:\coding\mpir+mpf+mpc\mpir\build.vc12\lib_mpir_k8\x64\release\mpn\pow_1.obj
d:\coding\mpir+mpf+mpc\mpir\build.vc12\lib_mpir_k8\x64\release\mpn\perfect_square_p.obj
d:\coding\mpir+mpf+mpc\mpir\build.vc12\lib_mpir_k8\x64\release\mpn\neg_n.obj
d:\coding\mpir+mpf+mpc\mpir\build.vc12\lib_mpir_k8\x64\release\mpn\mulmod_bexpp1.obj
d:\coding\mpir+mpf+mpc\mpir\build.vc12\lib_mpir_k8\x64\release\mpn\mulmod_2expp1_basecase.obj
d:\coding\mpir+mpf+mpc\mpir\build.vc12\lib_mpir_k8\x64\release\mpn\mulmod_2expm1.obj
d:\coding\mpir+mpf+mpc\mpir\build.vc12\lib_mpir_k8\x64\release\mpn\mulmid_n.obj
d:\coding\mpir+mpf+mpc\mpir\build.vc12\lib_mpir_k8\x64\release\mpn\mulmid.obj
d:\coding\mpir+mpf+mpc\mpir\build.vc12\lib_mpir_k8\x64\release\mpn\toom_eval_dgr3_pm1.obj
d:\coding\mpir+mpf+mpc\mpir\build.vc12\lib_mpir_k8\x64\release\mpn\toom_couple_handling.obj
d:\coding\mpir+mpf+mpc\mpir\build.vc12\lib_mpir_k8\x64\release\mpn\toom8h_mul.obj
d:\coding\mpir+mpf+mpc\mpir\build.vc12\lib_mpir_k8\x64\release\mpn\toom8_sqr_n.obj
d:\coding\mpir+mpf+mpc\mpir\build.vc12\lib_mpir_k8\x64\release\mpn\toom4_mul_n.obj
d:\coding\mpir+mpf+mpc\mpir\build.vc12\lib_mpir_k8\x64\release\mpn\toom4_mul.obj
d:\coding\mpir+mpf+mpc\mpir\build.vc12\lib_mpir_k8\x64\release\mpn\toom42_mulmid.obj
d:\coding\mpir+mpf+mpc\mpir\build.vc12\lib_mpir_k8\x64\release\mpn\toom3_mul_n.obj
d:\coding\mpir+mpf+mpc\mpir\build.vc12\lib_mpir_k8\x64\release\mpn\toom3_mul.obj
d:\coding\mpir+mpf+mpc\mpir\build.vc12\lib_mpir_k8\x64\release\mpn\tdiv_qr.obj
d:\coding\mpir+mpf+mpc\mpir\build.vc12\lib_mpir_k8\x64\release\mpn\tdiv_q.obj
d:\coding\mpir+mpf+mpc\mpir\build.vc12\lib_mpir_k8\x64\release\mpn\sub_1.obj
d:\coding\mpir+mpf+mpc\mpir\build.vc12\lib_mpir_k8\x64\release\mpn\sub.obj
d:\coding\mpir+mpf+mpc\mpir\build.vc12\lib_mpir_k8\x64\release\mpn\sqrtrem.obj
d:\coding\mpir+mpf+mpc\mpir\build.vc12\lib_mpir_k8\x64\release\mpn\sizeinbase.obj
d:\coding\mpir+mpf+mpc\mpir\build.vc12\lib_mpir_k8\x64\release\mpn\set_str.obj
d:\coding\mpir+mpf+mpc\mpir\build.vc12\lib_mpir_k8\x64\release\mpn\scan1.obj
d:\coding\mpir+mpf+mpc\mpir\build.vc12\lib_mpir_k8\x64\release\mpn\scan0.obj
d:\coding\mpir+mpf+mpc\mpir\build.vc12\lib_mpir_k8\x64\release\mpn\sb_divappr_q.obj
d:\coding\mpir+mpf+mpc\mpir\build.vc12\lib_mpir_k8\x64\release\mpn\sb_div_qr.obj
d:\coding\mpir+mpf+mpc\mpir\build.vc12\lib_mpir_k8\x64\release\mpn\zero.obj
d:\coding\mpir+mpf+mpc\mpir\build.vc12\lib_mpir_k8\x64\release\mpn\urandomm.obj
d:\coding\mpir+mpf+mpc\mpir\build.vc12\lib_mpir_k8\x64\release\mpn\urandomb.obj
d:\coding\mpir+mpf+mpc\mpir\build.vc12\lib_mpir_k8\x64\release\mpn\toom_interpolate_16pts.obj
d:\coding\mpir+mpf+mpc\mpir\build.vc12\lib_mpir_k8\x64\release\mpn\toom_eval_pm2rexp.obj
d:\coding\mpir+mpf+mpc\mpir\build.vc12\lib_mpir_k8\x64\release\mpn\toom_eval_pm2exp.obj
d:\coding\mpir+mpf+mpc\mpir\build.vc12\lib_mpir_k8\x64\release\mpn\toom_eval_pm2.obj
d:\coding\mpir+mpf+mpc\mpir\build.vc12\lib_mpir_k8\x64\release\mpn\toom_eval_pm1.obj
d:\coding\mpir+mpf+mpc\mpir\build.vc12\lib_mpir_k8\x64\release\mpn\toom_eval_dgr3_pm2.obj
d:\coding\mpir+mpf+mpc\mpir\build.vc12\x64\release\mpir.lib
d:\coding\mpir+mpf+mpc\mpir\build.vc12\lib_mpir_k8\x64\release\lib_mpir_k8.write.1.tlog
d:\coding\mpir+mpf+mpc\mpir\build.vc12\lib_mpir_k8\x64\release\lib_mpir_k8.tlog\cl.command.1.tlog
d:\coding\mpir+mpf+mpc\mpir\build.vc12\lib_mpir_k8\x64\release\lib_mpir_k8.tlog\cl.read.1.tlog
d:\coding\mpir+mpf+mpc\mpir\build.vc12\lib_mpir_k8\x64\release\lib_mpir_k8.tlog\cl.write.1.tlog
d:\coding\mpir+mpf+mpc\mpir\build.vc12\lib_mpir_k8\x64\release\lib_mpir_k8.tlog\lib-link.read.1.tlog
d:\coding\mpir+mpf+mpc\mpir\build.vc12\lib_mpir_k8\x64\release\lib_mpir_k8.tlog\lib-link.write.1.tlog
d:\coding\mpir+mpf+mpc\mpir\build.vc12\lib_mpir_k8\x64\release\lib_mpir_k8.tlog\lib.command.1.tlog
