d:\coding\mpir+mpf+mpc\mpc\build.vc10\mpc_lib\win32\release\vc120.pdb
d:\coding\mpir+mpf+mpc\mpc\build.vc10\mpc_lib\win32\release\div_2si.obj
d:\coding\mpir+mpf+mpc\mpc\build.vc10\mpc_lib\win32\release\div.obj
d:\coding\mpir+mpf+mpc\mpc\build.vc10\mpc_lib\win32\release\cosh.obj
d:\coding\mpir+mpf+mpc\mpc\build.vc10\mpc_lib\win32\release\cos.obj
d:\coding\mpir+mpf+mpc\mpc\build.vc10\mpc_lib\win32\release\conj.obj
d:\coding\mpir+mpf+mpc\mpc\build.vc10\mpc_lib\win32\release\cmp_si_si.obj
d:\coding\mpir+mpf+mpc\mpc\build.vc10\mpc_lib\win32\release\cmp.obj
d:\coding\mpir+mpf+mpc\mpc\build.vc10\mpc_lib\win32\release\clear.obj
d:\coding\mpir+mpf+mpc\mpc\build.vc10\mpc_lib\win32\release\atanh.obj
d:\coding\mpir+mpf+mpc\mpc\build.vc10\mpc_lib\win32\release\atan.obj
d:\coding\mpir+mpf+mpc\mpc\build.vc10\mpc_lib\win32\release\asinh.obj
d:\coding\mpir+mpf+mpc\mpc\build.vc10\mpc_lib\win32\release\asin.obj
d:\coding\mpir+mpf+mpc\mpc\build.vc10\mpc_lib\win32\release\arg.obj
d:\coding\mpir+mpf+mpc\mpc\build.vc10\mpc_lib\win32\release\add_ui.obj
d:\coding\mpir+mpf+mpc\mpc\build.vc10\mpc_lib\win32\release\add_si.obj
d:\coding\mpir+mpf+mpc\mpc\build.vc10\mpc_lib\win32\release\add_fr.obj
d:\coding\mpir+mpf+mpc\mpc\build.vc10\mpc_lib\win32\release\add.obj
d:\coding\mpir+mpf+mpc\mpc\build.vc10\mpc_lib\win32\release\acosh.obj
d:\coding\mpir+mpf+mpc\mpc\build.vc10\mpc_lib\win32\release\acos.obj
d:\coding\mpir+mpf+mpc\mpc\build.vc10\mpc_lib\win32\release\abs.obj
d:\coding\mpir+mpf+mpc\mpc\build.vc10\mpc_lib\win32\release\mul_2si.obj
d:\coding\mpir+mpf+mpc\mpc\build.vc10\mpc_lib\win32\release\mul.obj
d:\coding\mpir+mpf+mpc\mpc\build.vc10\mpc_lib\win32\release\mem.obj
d:\coding\mpir+mpf+mpc\mpc\build.vc10\mpc_lib\win32\release\log10.obj
d:\coding\mpir+mpf+mpc\mpc\build.vc10\mpc_lib\win32\release\log.obj
d:\coding\mpir+mpf+mpc\mpc\build.vc10\mpc_lib\win32\release\inp_str.obj
d:\coding\mpir+mpf+mpc\mpc\build.vc10\mpc_lib\win32\release\init3.obj
d:\coding\mpir+mpf+mpc\mpc\build.vc10\mpc_lib\win32\release\init2.obj
d:\coding\mpir+mpf+mpc\mpc\build.vc10\mpc_lib\win32\release\imag.obj
d:\coding\mpir+mpf+mpc\mpc\build.vc10\mpc_lib\win32\release\get_x.obj
d:\coding\mpir+mpf+mpc\mpc\build.vc10\mpc_lib\win32\release\get_version.obj
d:\coding\mpir+mpf+mpc\mpc\build.vc10\mpc_lib\win32\release\get_prec2.obj
d:\coding\mpir+mpf+mpc\mpc\build.vc10\mpc_lib\win32\release\get_prec.obj
d:\coding\mpir+mpf+mpc\mpc\build.vc10\mpc_lib\win32\release\fr_sub.obj
d:\coding\mpir+mpf+mpc\mpc\build.vc10\mpc_lib\win32\release\fr_div.obj
d:\coding\mpir+mpf+mpc\mpc\build.vc10\mpc_lib\win32\release\fma.obj
d:\coding\mpir+mpf+mpc\mpc\build.vc10\mpc_lib\win32\release\exp.obj
d:\coding\mpir+mpf+mpc\mpc\build.vc10\mpc_lib\win32\release\div_ui.obj
d:\coding\mpir+mpf+mpc\mpc\build.vc10\mpc_lib\win32\release\div_fr.obj
d:\coding\mpir+mpf+mpc\mpc\build.vc10\mpc_lib\win32\release\div_2ui.obj
d:\coding\mpir+mpf+mpc\mpc\build.vc10\mpc_lib\win32\release\set_str.obj
d:\coding\mpir+mpf+mpc\mpc\build.vc10\mpc_lib\win32\release\set_prec.obj
d:\coding\mpir+mpf+mpc\mpc\build.vc10\mpc_lib\win32\release\set.obj
d:\coding\mpir+mpf+mpc\mpc\build.vc10\mpc_lib\win32\release\real.obj
d:\coding\mpir+mpf+mpc\mpc\build.vc10\mpc_lib\win32\release\proj.obj
d:\coding\mpir+mpf+mpc\mpc\build.vc10\mpc_lib\win32\release\pow_z.obj
d:\coding\mpir+mpf+mpc\mpc\build.vc10\mpc_lib\win32\release\pow_ui.obj
d:\coding\mpir+mpf+mpc\mpc\build.vc10\mpc_lib\win32\release\pow_si.obj
d:\coding\mpir+mpf+mpc\mpc\build.vc10\mpc_lib\win32\release\pow_ld.obj
d:\coding\mpir+mpf+mpc\mpc\build.vc10\mpc_lib\win32\release\pow_fr.obj
d:\coding\mpir+mpf+mpc\mpc\build.vc10\mpc_lib\win32\release\pow_d.obj
d:\coding\mpir+mpf+mpc\mpc\build.vc10\mpc_lib\win32\release\pow.obj
d:\coding\mpir+mpf+mpc\mpc\build.vc10\mpc_lib\win32\release\out_str.obj
d:\coding\mpir+mpf+mpc\mpc\build.vc10\mpc_lib\win32\release\norm.obj
d:\coding\mpir+mpf+mpc\mpc\build.vc10\mpc_lib\win32\release\neg.obj
d:\coding\mpir+mpf+mpc\mpc\build.vc10\mpc_lib\win32\release\mul_ui.obj
d:\coding\mpir+mpf+mpc\mpc\build.vc10\mpc_lib\win32\release\mul_si.obj
d:\coding\mpir+mpf+mpc\mpc\build.vc10\mpc_lib\win32\release\mul_i.obj
d:\coding\mpir+mpf+mpc\mpc\build.vc10\mpc_lib\win32\release\mul_fr.obj
d:\coding\mpir+mpf+mpc\mpc\build.vc10\mpc_lib\win32\release\mul_2ui.obj
d:\coding\mpir+mpf+mpc\mpc\build.vc10\mpc_lib\win32\release\dlfcn.obj
d:\coding\mpir+mpf+mpc\mpc\build.vc10\mpc_lib\win32\release\urandom.obj
d:\coding\mpir+mpf+mpc\mpc\build.vc10\mpc_lib\win32\release\ui_ui_sub.obj
d:\coding\mpir+mpf+mpc\mpc\build.vc10\mpc_lib\win32\release\ui_div.obj
d:\coding\mpir+mpf+mpc\mpc\build.vc10\mpc_lib\win32\release\uceil_log2.obj
d:\coding\mpir+mpf+mpc\mpc\build.vc10\mpc_lib\win32\release\tanh.obj
d:\coding\mpir+mpf+mpc\mpc\build.vc10\mpc_lib\win32\release\tan.obj
d:\coding\mpir+mpf+mpc\mpc\build.vc10\mpc_lib\win32\release\swap.obj
d:\coding\mpir+mpf+mpc\mpc\build.vc10\mpc_lib\win32\release\sub_ui.obj
d:\coding\mpir+mpf+mpc\mpc\build.vc10\mpc_lib\win32\release\sub_fr.obj
d:\coding\mpir+mpf+mpc\mpc\build.vc10\mpc_lib\win32\release\sub.obj
d:\coding\mpir+mpf+mpc\mpc\build.vc10\mpc_lib\win32\release\strtoc.obj
d:\coding\mpir+mpf+mpc\mpc\build.vc10\mpc_lib\win32\release\sqrt.obj
d:\coding\mpir+mpf+mpc\mpc\build.vc10\mpc_lib\win32\release\sqr.obj
d:\coding\mpir+mpf+mpc\mpc\build.vc10\mpc_lib\win32\release\sin_cos.obj
d:\coding\mpir+mpf+mpc\mpc\build.vc10\mpc_lib\win32\release\sinh.obj
d:\coding\mpir+mpf+mpc\mpc\build.vc10\mpc_lib\win32\release\sin.obj
d:\coding\mpir+mpf+mpc\mpc\build.vc10\mpc_lib\win32\release\set_x_x.obj
d:\coding\mpir+mpf+mpc\mpc\build.vc10\mpc_lib\win32\release\set_x.obj
d:\coding\mpir+mpf+mpc\mpc\lib\win32\release\mpc.lib
d:\coding\_github.samayel\mpir-mpfr-mpc-mpfi\mpc\build.vc10\mpc_lib\win32\release\abs.obj
d:\coding\_github.samayel\mpir-mpfr-mpc-mpfi\mpc\build.vc10\mpc_lib\win32\release\acos.obj
d:\coding\_github.samayel\mpir-mpfr-mpc-mpfi\mpc\build.vc10\mpc_lib\win32\release\acosh.obj
d:\coding\_github.samayel\mpir-mpfr-mpc-mpfi\mpc\build.vc10\mpc_lib\win32\release\add.obj
d:\coding\_github.samayel\mpir-mpfr-mpc-mpfi\mpc\build.vc10\mpc_lib\win32\release\add_fr.obj
d:\coding\_github.samayel\mpir-mpfr-mpc-mpfi\mpc\build.vc10\mpc_lib\win32\release\add_si.obj
d:\coding\_github.samayel\mpir-mpfr-mpc-mpfi\mpc\build.vc10\mpc_lib\win32\release\add_ui.obj
d:\coding\_github.samayel\mpir-mpfr-mpc-mpfi\mpc\build.vc10\mpc_lib\win32\release\arg.obj
d:\coding\_github.samayel\mpir-mpfr-mpc-mpfi\mpc\build.vc10\mpc_lib\win32\release\asin.obj
d:\coding\_github.samayel\mpir-mpfr-mpc-mpfi\mpc\build.vc10\mpc_lib\win32\release\asinh.obj
d:\coding\_github.samayel\mpir-mpfr-mpc-mpfi\mpc\build.vc10\mpc_lib\win32\release\atan.obj
d:\coding\_github.samayel\mpir-mpfr-mpc-mpfi\mpc\build.vc10\mpc_lib\win32\release\atanh.obj
d:\coding\_github.samayel\mpir-mpfr-mpc-mpfi\mpc\build.vc10\mpc_lib\win32\release\clear.obj
d:\coding\_github.samayel\mpir-mpfr-mpc-mpfi\mpc\build.vc10\mpc_lib\win32\release\cmp.obj
d:\coding\_github.samayel\mpir-mpfr-mpc-mpfi\mpc\build.vc10\mpc_lib\win32\release\cmp_si_si.obj
d:\coding\_github.samayel\mpir-mpfr-mpc-mpfi\mpc\build.vc10\mpc_lib\win32\release\conj.obj
d:\coding\_github.samayel\mpir-mpfr-mpc-mpfi\mpc\build.vc10\mpc_lib\win32\release\cos.obj
d:\coding\_github.samayel\mpir-mpfr-mpc-mpfi\mpc\build.vc10\mpc_lib\win32\release\cosh.obj
d:\coding\_github.samayel\mpir-mpfr-mpc-mpfi\mpc\build.vc10\mpc_lib\win32\release\div.obj
d:\coding\_github.samayel\mpir-mpfr-mpc-mpfi\mpc\build.vc10\mpc_lib\win32\release\div_2si.obj
d:\coding\_github.samayel\mpir-mpfr-mpc-mpfi\mpc\build.vc10\mpc_lib\win32\release\div_2ui.obj
d:\coding\_github.samayel\mpir-mpfr-mpc-mpfi\mpc\build.vc10\mpc_lib\win32\release\div_fr.obj
d:\coding\_github.samayel\mpir-mpfr-mpc-mpfi\mpc\build.vc10\mpc_lib\win32\release\div_ui.obj
d:\coding\_github.samayel\mpir-mpfr-mpc-mpfi\mpc\build.vc10\mpc_lib\win32\release\dlfcn.obj
d:\coding\_github.samayel\mpir-mpfr-mpc-mpfi\mpc\build.vc10\mpc_lib\win32\release\exp.obj
d:\coding\_github.samayel\mpir-mpfr-mpc-mpfi\mpc\build.vc10\mpc_lib\win32\release\fma.obj
d:\coding\_github.samayel\mpir-mpfr-mpc-mpfi\mpc\build.vc10\mpc_lib\win32\release\fr_div.obj
d:\coding\_github.samayel\mpir-mpfr-mpc-mpfi\mpc\build.vc10\mpc_lib\win32\release\fr_sub.obj
d:\coding\_github.samayel\mpir-mpfr-mpc-mpfi\mpc\build.vc10\mpc_lib\win32\release\get_prec.obj
d:\coding\_github.samayel\mpir-mpfr-mpc-mpfi\mpc\build.vc10\mpc_lib\win32\release\get_prec2.obj
d:\coding\_github.samayel\mpir-mpfr-mpc-mpfi\mpc\build.vc10\mpc_lib\win32\release\get_version.obj
d:\coding\_github.samayel\mpir-mpfr-mpc-mpfi\mpc\build.vc10\mpc_lib\win32\release\get_x.obj
d:\coding\_github.samayel\mpir-mpfr-mpc-mpfi\mpc\build.vc10\mpc_lib\win32\release\imag.obj
d:\coding\_github.samayel\mpir-mpfr-mpc-mpfi\mpc\build.vc10\mpc_lib\win32\release\init2.obj
d:\coding\_github.samayel\mpir-mpfr-mpc-mpfi\mpc\build.vc10\mpc_lib\win32\release\init3.obj
d:\coding\_github.samayel\mpir-mpfr-mpc-mpfi\mpc\build.vc10\mpc_lib\win32\release\inp_str.obj
d:\coding\_github.samayel\mpir-mpfr-mpc-mpfi\mpc\build.vc10\mpc_lib\win32\release\log.obj
d:\coding\_github.samayel\mpir-mpfr-mpc-mpfi\mpc\build.vc10\mpc_lib\win32\release\log10.obj
d:\coding\_github.samayel\mpir-mpfr-mpc-mpfi\mpc\build.vc10\mpc_lib\win32\release\mem.obj
d:\coding\_github.samayel\mpir-mpfr-mpc-mpfi\mpc\build.vc10\mpc_lib\win32\release\mul.obj
d:\coding\_github.samayel\mpir-mpfr-mpc-mpfi\mpc\build.vc10\mpc_lib\win32\release\mul_2si.obj
d:\coding\_github.samayel\mpir-mpfr-mpc-mpfi\mpc\build.vc10\mpc_lib\win32\release\mul_2ui.obj
d:\coding\_github.samayel\mpir-mpfr-mpc-mpfi\mpc\build.vc10\mpc_lib\win32\release\mul_fr.obj
d:\coding\_github.samayel\mpir-mpfr-mpc-mpfi\mpc\build.vc10\mpc_lib\win32\release\mul_i.obj
d:\coding\_github.samayel\mpir-mpfr-mpc-mpfi\mpc\build.vc10\mpc_lib\win32\release\mul_si.obj
d:\coding\_github.samayel\mpir-mpfr-mpc-mpfi\mpc\build.vc10\mpc_lib\win32\release\mul_ui.obj
d:\coding\_github.samayel\mpir-mpfr-mpc-mpfi\mpc\build.vc10\mpc_lib\win32\release\neg.obj
d:\coding\_github.samayel\mpir-mpfr-mpc-mpfi\mpc\build.vc10\mpc_lib\win32\release\norm.obj
d:\coding\_github.samayel\mpir-mpfr-mpc-mpfi\mpc\build.vc10\mpc_lib\win32\release\out_str.obj
d:\coding\_github.samayel\mpir-mpfr-mpc-mpfi\mpc\build.vc10\mpc_lib\win32\release\pow.obj
d:\coding\_github.samayel\mpir-mpfr-mpc-mpfi\mpc\build.vc10\mpc_lib\win32\release\pow_d.obj
d:\coding\_github.samayel\mpir-mpfr-mpc-mpfi\mpc\build.vc10\mpc_lib\win32\release\pow_fr.obj
d:\coding\_github.samayel\mpir-mpfr-mpc-mpfi\mpc\build.vc10\mpc_lib\win32\release\pow_ld.obj
d:\coding\_github.samayel\mpir-mpfr-mpc-mpfi\mpc\build.vc10\mpc_lib\win32\release\pow_si.obj
d:\coding\_github.samayel\mpir-mpfr-mpc-mpfi\mpc\build.vc10\mpc_lib\win32\release\pow_ui.obj
d:\coding\_github.samayel\mpir-mpfr-mpc-mpfi\mpc\build.vc10\mpc_lib\win32\release\pow_z.obj
d:\coding\_github.samayel\mpir-mpfr-mpc-mpfi\mpc\build.vc10\mpc_lib\win32\release\proj.obj
d:\coding\_github.samayel\mpir-mpfr-mpc-mpfi\mpc\build.vc10\mpc_lib\win32\release\real.obj
d:\coding\_github.samayel\mpir-mpfr-mpc-mpfi\mpc\build.vc10\mpc_lib\win32\release\set.obj
d:\coding\_github.samayel\mpir-mpfr-mpc-mpfi\mpc\build.vc10\mpc_lib\win32\release\set_prec.obj
d:\coding\_github.samayel\mpir-mpfr-mpc-mpfi\mpc\build.vc10\mpc_lib\win32\release\set_str.obj
d:\coding\_github.samayel\mpir-mpfr-mpc-mpfi\mpc\build.vc10\mpc_lib\win32\release\set_x.obj
d:\coding\_github.samayel\mpir-mpfr-mpc-mpfi\mpc\build.vc10\mpc_lib\win32\release\set_x_x.obj
d:\coding\_github.samayel\mpir-mpfr-mpc-mpfi\mpc\build.vc10\mpc_lib\win32\release\sin.obj
d:\coding\_github.samayel\mpir-mpfr-mpc-mpfi\mpc\build.vc10\mpc_lib\win32\release\sinh.obj
d:\coding\_github.samayel\mpir-mpfr-mpc-mpfi\mpc\build.vc10\mpc_lib\win32\release\sin_cos.obj
d:\coding\_github.samayel\mpir-mpfr-mpc-mpfi\mpc\build.vc10\mpc_lib\win32\release\sqr.obj
d:\coding\_github.samayel\mpir-mpfr-mpc-mpfi\mpc\build.vc10\mpc_lib\win32\release\sqrt.obj
d:\coding\_github.samayel\mpir-mpfr-mpc-mpfi\mpc\build.vc10\mpc_lib\win32\release\strtoc.obj
d:\coding\_github.samayel\mpir-mpfr-mpc-mpfi\mpc\build.vc10\mpc_lib\win32\release\sub.obj
d:\coding\_github.samayel\mpir-mpfr-mpc-mpfi\mpc\build.vc10\mpc_lib\win32\release\sub_fr.obj
d:\coding\_github.samayel\mpir-mpfr-mpc-mpfi\mpc\build.vc10\mpc_lib\win32\release\sub_ui.obj
d:\coding\_github.samayel\mpir-mpfr-mpc-mpfi\mpc\build.vc10\mpc_lib\win32\release\swap.obj
d:\coding\_github.samayel\mpir-mpfr-mpc-mpfi\mpc\build.vc10\mpc_lib\win32\release\tan.obj
d:\coding\_github.samayel\mpir-mpfr-mpc-mpfi\mpc\build.vc10\mpc_lib\win32\release\tanh.obj
d:\coding\_github.samayel\mpir-mpfr-mpc-mpfi\mpc\build.vc10\mpc_lib\win32\release\uceil_log2.obj
d:\coding\_github.samayel\mpir-mpfr-mpc-mpfi\mpc\build.vc10\mpc_lib\win32\release\ui_div.obj
d:\coding\_github.samayel\mpir-mpfr-mpc-mpfi\mpc\build.vc10\mpc_lib\win32\release\ui_ui_sub.obj
d:\coding\_github.samayel\mpir-mpfr-mpc-mpfi\mpc\build.vc10\mpc_lib\win32\release\urandom.obj
d:\coding\_github.samayel\mpir-mpfr-mpc-mpfi\mpc\build.vc10\mpc_lib\win32\release\vc120.pdb
d:\coding\_github.samayel\mpir-mpfr-mpc-mpfi\mpc\build.vc10\mpc_lib\win32\release\mpc_lib.tlog\cl.command.1.tlog
d:\coding\_github.samayel\mpir-mpfr-mpc-mpfi\mpc\build.vc10\mpc_lib\win32\release\mpc_lib.tlog\cl.read.1.tlog
d:\coding\_github.samayel\mpir-mpfr-mpc-mpfi\mpc\build.vc10\mpc_lib\win32\release\mpc_lib.tlog\cl.write.1.tlog
d:\coding\_github.samayel\mpir-mpfr-mpc-mpfi\mpc\build.vc10\mpc_lib\win32\release\mpc_lib.tlog\lib-link.read.1.tlog
d:\coding\_github.samayel\mpir-mpfr-mpc-mpfi\mpc\build.vc10\mpc_lib\win32\release\mpc_lib.tlog\lib-link.write.1.tlog
d:\coding\_github.samayel\mpir-mpfr-mpc-mpfi\mpc\build.vc10\mpc_lib\win32\release\mpc_lib.tlog\lib.command.1.tlog
