Build started 14.11.2015 08:45:46.
     1>Project "D:\coding\_github.samayel\mpir-mpfr-mpc-mpfi\mpc\build.vc10\mpc_lib\mpc_lib.vcxproj" on node 2 (Rebuild target(s)).
     1>ClCompile:
         C:\Program Files (x86)\Microsoft Visual Studio 12.0\VC\bin\CL.exe /c /I..\..\..\mpir\lib\Win32\Release\ /I..\..\..\mpfr\src /I..\..\src /I..\ /Zi /nologo /W2 /WX- /O2 /Oy- /D WIN32 /D NDEBUG /D _CONSOLE /Gm- /EHsc /MT /GS- /Gy- /fp:precise /Zc:wchar_t /Zc:forScope /Fo"Win32\Release\\" /Fd"Win32\Release\vc120.pdb" /Gd /TC /analyze- /errorReport:prompt ..\..\src\abs.c ..\..\src\acos.c ..\..\src\acosh.c ..\..\src\add.c ..\..\src\add_fr.c ..\..\src\add_si.c ..\..\src\add_ui.c ..\..\src\arg.c ..\..\src\asin.c ..\..\src\asinh.c ..\..\src\atan.c ..\..\src\atanh.c ..\..\src\clear.c ..\..\src\cmp.c ..\..\src\cmp_si_si.c ..\..\src\conj.c ..\..\src\cos.c ..\..\src\cosh.c ..\..\src\div.c ..\..\src\div_2si.c ..\..\src\div_2ui.c ..\..\src\div_fr.c ..\..\src\div_ui.c ..\..\src\exp.c ..\..\src\fma.c ..\..\src\fr_div.c ..\..\src\fr_sub.c ..\..\src\get_prec.c ..\..\src\get_prec2.c ..\..\src\get_version.c ..\..\src\get_x.c ..\..\src\imag.c ..\..\src\init2.c ..\..\src\init3.c ..\..\src\inp_str.c ..\..\src\log.c ..\..\src\log10.c ..\..\src\mem.c ..\..\src\mul.c ..\..\src\mul_2si.c ..\..\src\mul_2ui.c ..\..\src\mul_fr.c ..\..\src\mul_i.c ..\..\src\mul_si.c ..\..\src\mul_ui.c ..\..\src\neg.c ..\..\src\norm.c ..\..\src\out_str.c ..\..\src\pow.c ..\..\src\pow_d.c ..\..\src\pow_fr.c ..\..\src\pow_ld.c ..\..\src\pow_si.c ..\..\src\pow_ui.c ..\..\src\pow_z.c ..\..\src\proj.c ..\..\src\real.c ..\..\src\set.c ..\..\src\set_prec.c ..\..\src\set_str.c ..\..\src\set_x.c ..\..\src\set_x_x.c ..\..\src\sin.c ..\..\src\sinh.c ..\..\src\sin_cos.c ..\..\src\sqr.c ..\..\src\sqrt.c ..\..\src\strtoc.c ..\..\src\sub.c ..\..\src\sub_fr.c ..\..\src\sub_ui.c ..\..\src\swap.c ..\..\src\tan.c ..\..\src\tanh.c ..\..\src\uceil_log2.c ..\..\src\ui_div.c ..\..\src\ui_ui_sub.c ..\..\src\urandom.c ..\dlfcn.c
         abs.c
         acos.c
         acosh.c
         add.c
         add_fr.c
         add_si.c
         add_ui.c
         arg.c
         asin.c
         asinh.c
         atan.c
         atanh.c
         clear.c
         cmp.c
         cmp_si_si.c
         conj.c
         cos.c
         cosh.c
         div.c
         div_2si.c
         Generating Code...
         Compiling...
         div_2ui.c
         div_fr.c
         div_ui.c
         exp.c
         fma.c
         fr_div.c
         fr_sub.c
         get_prec.c
         get_prec2.c
         get_version.c
         get_x.c
         imag.c
         init2.c
         init3.c
         inp_str.c
         log.c
         log10.c
         mem.c
         mul.c
         mul_2si.c
         Generating Code...
         Compiling...
         mul_2ui.c
         mul_fr.c
         mul_i.c
         mul_si.c
         mul_ui.c
         neg.c
         norm.c
         out_str.c
         pow.c
         pow_d.c
         pow_fr.c
         pow_ld.c
         pow_si.c
         pow_ui.c
         pow_z.c
         proj.c
         real.c
         set.c
         set_prec.c
         set_str.c
         Generating Code...
         Compiling...
         set_x.c
         set_x_x.c
         sin.c
         sinh.c
         sin_cos.c
         sqr.c
         sqrt.c
         strtoc.c
         sub.c
         sub_fr.c
         sub_ui.c
         swap.c
         tan.c
         tanh.c
         uceil_log2.c
         ui_div.c
         ui_ui_sub.c
         urandom.c
         dlfcn.c
         Generating Code...
       Lib:
         C:\Program Files (x86)\Microsoft Visual Studio 12.0\VC\bin\Lib.exe /OUT:"D:\coding\_github.samayel\mpir-mpfr-mpc-mpfi\mpc\build.vc10\..\lib\Win32\Release\mpc.lib" /NOLOGO Win32\Release\abs.obj
         Win32\Release\acos.obj
         Win32\Release\acosh.obj
         Win32\Release\add.obj
         Win32\Release\add_fr.obj
         Win32\Release\add_si.obj
         Win32\Release\add_ui.obj
         Win32\Release\arg.obj
         Win32\Release\asin.obj
         Win32\Release\asinh.obj
         Win32\Release\atan.obj
         Win32\Release\atanh.obj
         Win32\Release\clear.obj
         Win32\Release\cmp.obj
         Win32\Release\cmp_si_si.obj
         Win32\Release\conj.obj
         Win32\Release\cos.obj
         Win32\Release\cosh.obj
         Win32\Release\div.obj
         Win32\Release\div_2si.obj
         Win32\Release\div_2ui.obj
         Win32\Release\div_fr.obj
         Win32\Release\div_ui.obj
         Win32\Release\exp.obj
         Win32\Release\fma.obj
         Win32\Release\fr_div.obj
         Win32\Release\fr_sub.obj
         Win32\Release\get_prec.obj
         Win32\Release\get_prec2.obj
         Win32\Release\get_version.obj
         Win32\Release\get_x.obj
         Win32\Release\imag.obj
         Win32\Release\init2.obj
         Win32\Release\init3.obj
         Win32\Release\inp_str.obj
         Win32\Release\log.obj
         Win32\Release\log10.obj
         Win32\Release\mem.obj
         Win32\Release\mul.obj
         Win32\Release\mul_2si.obj
         Win32\Release\mul_2ui.obj
         Win32\Release\mul_fr.obj
         Win32\Release\mul_i.obj
         Win32\Release\mul_si.obj
         Win32\Release\mul_ui.obj
         Win32\Release\neg.obj
         Win32\Release\norm.obj
         Win32\Release\out_str.obj
         Win32\Release\pow.obj
         Win32\Release\pow_d.obj
         Win32\Release\pow_fr.obj
         Win32\Release\pow_ld.obj
         Win32\Release\pow_si.obj
         Win32\Release\pow_ui.obj
         Win32\Release\pow_z.obj
         Win32\Release\proj.obj
         Win32\Release\real.obj
         Win32\Release\set.obj
         Win32\Release\set_prec.obj
         Win32\Release\set_str.obj
         Win32\Release\set_x.obj
         Win32\Release\set_x_x.obj
         Win32\Release\sin.obj
         Win32\Release\sinh.obj
         Win32\Release\sin_cos.obj
         Win32\Release\sqr.obj
         Win32\Release\sqrt.obj
         Win32\Release\strtoc.obj
         Win32\Release\sub.obj
         Win32\Release\sub_fr.obj
         Win32\Release\sub_ui.obj
         Win32\Release\swap.obj
         Win32\Release\tan.obj
         Win32\Release\tanh.obj
         Win32\Release\uceil_log2.obj
         Win32\Release\ui_div.obj
         Win32\Release\ui_ui_sub.obj
         Win32\Release\urandom.obj
         Win32\Release\dlfcn.obj
         mpc_lib.vcxproj -> D:\coding\_github.samayel\mpir-mpfr-mpc-mpfi\mpc\build.vc10\..\lib\Win32\Release\mpc.lib
       PostBuildEvent:
         ..\file_copy ..\..\src\mpc.h ..\..\lib\Win32\Release\mpc.h
         :VCEnd
         copying ..\..\src\mpc.h to ..\..\lib\Win32\Release\mpc.h 
                 1 file(s) copied.
     1>Done Building Project "D:\coding\_github.samayel\mpir-mpfr-mpc-mpfi\mpc\build.vc10\mpc_lib\mpc_lib.vcxproj" (Rebuild target(s)).

Build succeeded.

Time Elapsed 00:00:03.73
