d:\coding\mpir+mpf+mpc\mpc\build.vc10\mpc_lib\x64\release\vc120.pdb
d:\coding\mpir+mpf+mpc\mpc\build.vc10\mpc_lib\x64\release\div_2si.obj
d:\coding\mpir+mpf+mpc\mpc\build.vc10\mpc_lib\x64\release\div.obj
d:\coding\mpir+mpf+mpc\mpc\build.vc10\mpc_lib\x64\release\cosh.obj
d:\coding\mpir+mpf+mpc\mpc\build.vc10\mpc_lib\x64\release\cos.obj
d:\coding\mpir+mpf+mpc\mpc\build.vc10\mpc_lib\x64\release\conj.obj
d:\coding\mpir+mpf+mpc\mpc\build.vc10\mpc_lib\x64\release\cmp_si_si.obj
d:\coding\mpir+mpf+mpc\mpc\build.vc10\mpc_lib\x64\release\cmp.obj
d:\coding\mpir+mpf+mpc\mpc\build.vc10\mpc_lib\x64\release\clear.obj
d:\coding\mpir+mpf+mpc\mpc\build.vc10\mpc_lib\x64\release\atanh.obj
d:\coding\mpir+mpf+mpc\mpc\build.vc10\mpc_lib\x64\release\atan.obj
d:\coding\mpir+mpf+mpc\mpc\build.vc10\mpc_lib\x64\release\asinh.obj
d:\coding\mpir+mpf+mpc\mpc\build.vc10\mpc_lib\x64\release\asin.obj
d:\coding\mpir+mpf+mpc\mpc\build.vc10\mpc_lib\x64\release\arg.obj
d:\coding\mpir+mpf+mpc\mpc\build.vc10\mpc_lib\x64\release\add_ui.obj
d:\coding\mpir+mpf+mpc\mpc\build.vc10\mpc_lib\x64\release\add_si.obj
d:\coding\mpir+mpf+mpc\mpc\build.vc10\mpc_lib\x64\release\add_fr.obj
d:\coding\mpir+mpf+mpc\mpc\build.vc10\mpc_lib\x64\release\add.obj
d:\coding\mpir+mpf+mpc\mpc\build.vc10\mpc_lib\x64\release\acosh.obj
d:\coding\mpir+mpf+mpc\mpc\build.vc10\mpc_lib\x64\release\acos.obj
d:\coding\mpir+mpf+mpc\mpc\build.vc10\mpc_lib\x64\release\abs.obj
d:\coding\mpir+mpf+mpc\mpc\build.vc10\mpc_lib\x64\release\mul_2si.obj
d:\coding\mpir+mpf+mpc\mpc\build.vc10\mpc_lib\x64\release\mul.obj
d:\coding\mpir+mpf+mpc\mpc\build.vc10\mpc_lib\x64\release\mem.obj
d:\coding\mpir+mpf+mpc\mpc\build.vc10\mpc_lib\x64\release\log10.obj
d:\coding\mpir+mpf+mpc\mpc\build.vc10\mpc_lib\x64\release\log.obj
d:\coding\mpir+mpf+mpc\mpc\build.vc10\mpc_lib\x64\release\inp_str.obj
d:\coding\mpir+mpf+mpc\mpc\build.vc10\mpc_lib\x64\release\init3.obj
d:\coding\mpir+mpf+mpc\mpc\build.vc10\mpc_lib\x64\release\init2.obj
d:\coding\mpir+mpf+mpc\mpc\build.vc10\mpc_lib\x64\release\imag.obj
d:\coding\mpir+mpf+mpc\mpc\build.vc10\mpc_lib\x64\release\get_x.obj
d:\coding\mpir+mpf+mpc\mpc\build.vc10\mpc_lib\x64\release\get_version.obj
d:\coding\mpir+mpf+mpc\mpc\build.vc10\mpc_lib\x64\release\get_prec2.obj
d:\coding\mpir+mpf+mpc\mpc\build.vc10\mpc_lib\x64\release\get_prec.obj
d:\coding\mpir+mpf+mpc\mpc\build.vc10\mpc_lib\x64\release\fr_sub.obj
d:\coding\mpir+mpf+mpc\mpc\build.vc10\mpc_lib\x64\release\fr_div.obj
d:\coding\mpir+mpf+mpc\mpc\build.vc10\mpc_lib\x64\release\fma.obj
d:\coding\mpir+mpf+mpc\mpc\build.vc10\mpc_lib\x64\release\exp.obj
d:\coding\mpir+mpf+mpc\mpc\build.vc10\mpc_lib\x64\release\div_ui.obj
d:\coding\mpir+mpf+mpc\mpc\build.vc10\mpc_lib\x64\release\div_fr.obj
d:\coding\mpir+mpf+mpc\mpc\build.vc10\mpc_lib\x64\release\div_2ui.obj
d:\coding\mpir+mpf+mpc\mpc\build.vc10\mpc_lib\x64\release\set_str.obj
d:\coding\mpir+mpf+mpc\mpc\build.vc10\mpc_lib\x64\release\set_prec.obj
d:\coding\mpir+mpf+mpc\mpc\build.vc10\mpc_lib\x64\release\set.obj
d:\coding\mpir+mpf+mpc\mpc\build.vc10\mpc_lib\x64\release\real.obj
d:\coding\mpir+mpf+mpc\mpc\build.vc10\mpc_lib\x64\release\proj.obj
d:\coding\mpir+mpf+mpc\mpc\build.vc10\mpc_lib\x64\release\pow_z.obj
d:\coding\mpir+mpf+mpc\mpc\build.vc10\mpc_lib\x64\release\pow_ui.obj
d:\coding\mpir+mpf+mpc\mpc\build.vc10\mpc_lib\x64\release\pow_si.obj
d:\coding\mpir+mpf+mpc\mpc\build.vc10\mpc_lib\x64\release\pow_ld.obj
d:\coding\mpir+mpf+mpc\mpc\build.vc10\mpc_lib\x64\release\pow_fr.obj
d:\coding\mpir+mpf+mpc\mpc\build.vc10\mpc_lib\x64\release\pow_d.obj
d:\coding\mpir+mpf+mpc\mpc\build.vc10\mpc_lib\x64\release\pow.obj
d:\coding\mpir+mpf+mpc\mpc\build.vc10\mpc_lib\x64\release\out_str.obj
d:\coding\mpir+mpf+mpc\mpc\build.vc10\mpc_lib\x64\release\norm.obj
d:\coding\mpir+mpf+mpc\mpc\build.vc10\mpc_lib\x64\release\neg.obj
d:\coding\mpir+mpf+mpc\mpc\build.vc10\mpc_lib\x64\release\mul_ui.obj
d:\coding\mpir+mpf+mpc\mpc\build.vc10\mpc_lib\x64\release\mul_si.obj
d:\coding\mpir+mpf+mpc\mpc\build.vc10\mpc_lib\x64\release\mul_i.obj
d:\coding\mpir+mpf+mpc\mpc\build.vc10\mpc_lib\x64\release\mul_fr.obj
d:\coding\mpir+mpf+mpc\mpc\build.vc10\mpc_lib\x64\release\mul_2ui.obj
d:\coding\mpir+mpf+mpc\mpc\build.vc10\mpc_lib\x64\release\urandom.obj
d:\coding\mpir+mpf+mpc\mpc\build.vc10\mpc_lib\x64\release\ui_ui_sub.obj
d:\coding\mpir+mpf+mpc\mpc\build.vc10\mpc_lib\x64\release\ui_div.obj
d:\coding\mpir+mpf+mpc\mpc\build.vc10\mpc_lib\x64\release\uceil_log2.obj
d:\coding\mpir+mpf+mpc\mpc\build.vc10\mpc_lib\x64\release\tanh.obj
d:\coding\mpir+mpf+mpc\mpc\build.vc10\mpc_lib\x64\release\tan.obj
d:\coding\mpir+mpf+mpc\mpc\build.vc10\mpc_lib\x64\release\swap.obj
d:\coding\mpir+mpf+mpc\mpc\build.vc10\mpc_lib\x64\release\sub_ui.obj
d:\coding\mpir+mpf+mpc\mpc\build.vc10\mpc_lib\x64\release\sub_fr.obj
d:\coding\mpir+mpf+mpc\mpc\build.vc10\mpc_lib\x64\release\sub.obj
d:\coding\mpir+mpf+mpc\mpc\build.vc10\mpc_lib\x64\release\strtoc.obj
d:\coding\mpir+mpf+mpc\mpc\build.vc10\mpc_lib\x64\release\sqrt.obj
d:\coding\mpir+mpf+mpc\mpc\build.vc10\mpc_lib\x64\release\sqr.obj
d:\coding\mpir+mpf+mpc\mpc\build.vc10\mpc_lib\x64\release\sin_cos.obj
d:\coding\mpir+mpf+mpc\mpc\build.vc10\mpc_lib\x64\release\sinh.obj
d:\coding\mpir+mpf+mpc\mpc\build.vc10\mpc_lib\x64\release\sin.obj
d:\coding\mpir+mpf+mpc\mpc\build.vc10\mpc_lib\x64\release\set_x_x.obj
d:\coding\mpir+mpf+mpc\mpc\build.vc10\mpc_lib\x64\release\set_x.obj
d:\coding\mpir+mpf+mpc\mpc\lib\x64\release\mpc.lib
d:\coding\mpir+mpf+mpc\mpc\build.vc10\mpc_lib\x64\release\mpc_lib.tlog\cl.command.1.tlog
d:\coding\mpir+mpf+mpc\mpc\build.vc10\mpc_lib\x64\release\mpc_lib.tlog\cl.read.1.tlog
d:\coding\mpir+mpf+mpc\mpc\build.vc10\mpc_lib\x64\release\mpc_lib.tlog\cl.write.1.tlog
d:\coding\mpir+mpf+mpc\mpc\build.vc10\mpc_lib\x64\release\mpc_lib.tlog\lib-link.read.1.tlog
d:\coding\mpir+mpf+mpc\mpc\build.vc10\mpc_lib\x64\release\mpc_lib.tlog\lib-link.write.1.tlog
d:\coding\mpir+mpf+mpc\mpc\build.vc10\mpc_lib\x64\release\mpc_lib.tlog\lib.command.1.tlog
