d:\coding\mpir+mpf+mpc\mpfr\lib\win32\release\mpfr.pdb
d:\coding\mpir+mpf+mpc\mpfr\build.vc10\lib_mpfr\win32\release\check.obj
d:\coding\mpir+mpf+mpc\mpfr\build.vc10\lib_mpfr\win32\release\cbrt.obj
d:\coding\mpir+mpf+mpc\mpfr\build.vc10\lib_mpfr\win32\release\cache.obj
d:\coding\mpir+mpf+mpc\mpfr\build.vc10\lib_mpfr\win32\release\buildopt.obj
d:\coding\mpir+mpf+mpc\mpfr\build.vc10\lib_mpfr\win32\release\bernoulli.obj
d:\coding\mpir+mpf+mpc\mpfr\build.vc10\lib_mpfr\win32\release\atanh.obj
d:\coding\mpir+mpf+mpc\mpfr\build.vc10\lib_mpfr\win32\release\atan2.obj
d:\coding\mpir+mpf+mpc\mpfr\build.vc10\lib_mpfr\win32\release\atan.obj
d:\coding\mpir+mpf+mpc\mpfr\build.vc10\lib_mpfr\win32\release\asinh.obj
d:\coding\mpir+mpf+mpc\mpfr\build.vc10\lib_mpfr\win32\release\asin.obj
d:\coding\mpir+mpf+mpc\mpfr\build.vc10\lib_mpfr\win32\release\ai.obj
d:\coding\mpir+mpf+mpc\mpfr\build.vc10\lib_mpfr\win32\release\agm.obj
d:\coding\mpir+mpf+mpc\mpfr\build.vc10\lib_mpfr\win32\release\add_ui.obj
d:\coding\mpir+mpf+mpc\mpfr\build.vc10\lib_mpfr\win32\release\add_d.obj
d:\coding\mpir+mpf+mpc\mpfr\build.vc10\lib_mpfr\win32\release\add1sp.obj
d:\coding\mpir+mpf+mpc\mpfr\build.vc10\lib_mpfr\win32\release\add1.obj
d:\coding\mpir+mpf+mpc\mpfr\build.vc10\lib_mpfr\win32\release\add.obj
d:\coding\mpir+mpf+mpc\mpfr\build.vc10\lib_mpfr\win32\release\acosh.obj
d:\coding\mpir+mpf+mpc\mpfr\build.vc10\lib_mpfr\win32\release\acos.obj
d:\coding\mpir+mpf+mpc\mpfr\build.vc10\lib_mpfr\win32\release\abort_prec_max.obj
d:\coding\mpir+mpf+mpc\mpfr\build.vc10\lib_mpfr\win32\release\coth.obj
d:\coding\mpir+mpf+mpc\mpfr\build.vc10\lib_mpfr\win32\release\cot.obj
d:\coding\mpir+mpf+mpc\mpfr\build.vc10\lib_mpfr\win32\release\cosh.obj
d:\coding\mpir+mpf+mpc\mpfr\build.vc10\lib_mpfr\win32\release\cos.obj
d:\coding\mpir+mpf+mpc\mpfr\build.vc10\lib_mpfr\win32\release\copysign.obj
d:\coding\mpir+mpf+mpc\mpfr\build.vc10\lib_mpfr\win32\release\constant.obj
d:\coding\mpir+mpf+mpc\mpfr\build.vc10\lib_mpfr\win32\release\const_pi.obj
d:\coding\mpir+mpf+mpc\mpfr\build.vc10\lib_mpfr\win32\release\const_log2.obj
d:\coding\mpir+mpf+mpc\mpfr\build.vc10\lib_mpfr\win32\release\const_euler.obj
d:\coding\mpir+mpf+mpc\mpfr\build.vc10\lib_mpfr\win32\release\const_catalan.obj
d:\coding\mpir+mpf+mpc\mpfr\build.vc10\lib_mpfr\win32\release\comparisons.obj
d:\coding\mpir+mpf+mpc\mpfr\build.vc10\lib_mpfr\win32\release\cmp_ui.obj
d:\coding\mpir+mpf+mpc\mpfr\build.vc10\lib_mpfr\win32\release\cmp_si.obj
d:\coding\mpir+mpf+mpc\mpfr\build.vc10\lib_mpfr\win32\release\cmp_ld.obj
d:\coding\mpir+mpf+mpc\mpfr\build.vc10\lib_mpfr\win32\release\cmp_d.obj
d:\coding\mpir+mpf+mpc\mpfr\build.vc10\lib_mpfr\win32\release\cmp_abs.obj
d:\coding\mpir+mpf+mpc\mpfr\build.vc10\lib_mpfr\win32\release\cmp2.obj
d:\coding\mpir+mpf+mpc\mpfr\build.vc10\lib_mpfr\win32\release\cmp.obj
d:\coding\mpir+mpf+mpc\mpfr\build.vc10\lib_mpfr\win32\release\clears.obj
d:\coding\mpir+mpf+mpc\mpfr\build.vc10\lib_mpfr\win32\release\clear.obj
d:\coding\mpir+mpf+mpc\mpfr\build.vc10\lib_mpfr\win32\release\exp10.obj
d:\coding\mpir+mpf+mpc\mpfr\build.vc10\lib_mpfr\win32\release\exp.obj
d:\coding\mpir+mpf+mpc\mpfr\build.vc10\lib_mpfr\win32\release\exceptions.obj
d:\coding\mpir+mpf+mpc\mpfr\build.vc10\lib_mpfr\win32\release\erfc.obj
d:\coding\mpir+mpf+mpc\mpfr\build.vc10\lib_mpfr\win32\release\erf.obj
d:\coding\mpir+mpf+mpc\mpfr\build.vc10\lib_mpfr\win32\release\eq.obj
d:\coding\mpir+mpf+mpc\mpfr\build.vc10\lib_mpfr\win32\release\eint.obj
d:\coding\mpir+mpf+mpc\mpfr\build.vc10\lib_mpfr\win32\release\dump.obj
d:\coding\mpir+mpf+mpc\mpfr\build.vc10\lib_mpfr\win32\release\div_ui.obj
d:\coding\mpir+mpf+mpc\mpfr\build.vc10\lib_mpfr\win32\release\div_d.obj
d:\coding\mpir+mpf+mpc\mpfr\build.vc10\lib_mpfr\win32\release\div_2ui.obj
d:\coding\mpir+mpf+mpc\mpfr\build.vc10\lib_mpfr\win32\release\div_2si.obj
d:\coding\mpir+mpf+mpc\mpfr\build.vc10\lib_mpfr\win32\release\div_2exp.obj
d:\coding\mpir+mpf+mpc\mpfr\build.vc10\lib_mpfr\win32\release\div.obj
d:\coding\mpir+mpf+mpc\mpfr\build.vc10\lib_mpfr\win32\release\dim.obj
d:\coding\mpir+mpf+mpc\mpfr\build.vc10\lib_mpfr\win32\release\digamma.obj
d:\coding\mpir+mpf+mpc\mpfr\build.vc10\lib_mpfr\win32\release\d_sub.obj
d:\coding\mpir+mpf+mpc\mpfr\build.vc10\lib_mpfr\win32\release\d_div.obj
d:\coding\mpir+mpf+mpc\mpfr\build.vc10\lib_mpfr\win32\release\csch.obj
d:\coding\mpir+mpf+mpc\mpfr\build.vc10\lib_mpfr\win32\release\csc.obj
d:\coding\mpir+mpf+mpc\mpfr\build.vc10\lib_mpfr\win32\release\gamma.obj
d:\coding\mpir+mpf+mpc\mpfr\build.vc10\lib_mpfr\win32\release\frexp.obj
d:\coding\mpir+mpf+mpc\mpfr\build.vc10\lib_mpfr\win32\release\free_cache.obj
d:\coding\mpir+mpf+mpc\mpfr\build.vc10\lib_mpfr\win32\release\frac.obj
d:\coding\mpir+mpf+mpc\mpfr\build.vc10\lib_mpfr\win32\release\fms.obj
d:\coding\mpir+mpf+mpc\mpfr\build.vc10\lib_mpfr\win32\release\fma.obj
d:\coding\mpir+mpf+mpc\mpfr\build.vc10\lib_mpfr\win32\release\fits_ushort.obj
d:\coding\mpir+mpf+mpc\mpfr\build.vc10\lib_mpfr\win32\release\fits_ulong.obj
d:\coding\mpir+mpf+mpc\mpfr\build.vc10\lib_mpfr\win32\release\fits_uintmax.obj
d:\coding\mpir+mpf+mpc\mpfr\build.vc10\lib_mpfr\win32\release\fits_uint.obj
d:\coding\mpir+mpf+mpc\mpfr\build.vc10\lib_mpfr\win32\release\fits_sshort.obj
d:\coding\mpir+mpf+mpc\mpfr\build.vc10\lib_mpfr\win32\release\fits_slong.obj
d:\coding\mpir+mpf+mpc\mpfr\build.vc10\lib_mpfr\win32\release\fits_sint.obj
d:\coding\mpir+mpf+mpc\mpfr\build.vc10\lib_mpfr\win32\release\fits_intmax.obj
d:\coding\mpir+mpf+mpc\mpfr\build.vc10\lib_mpfr\win32\release\factorial.obj
d:\coding\mpir+mpf+mpc\mpfr\build.vc10\lib_mpfr\win32\release\extract.obj
d:\coding\mpir+mpf+mpc\mpfr\build.vc10\lib_mpfr\win32\release\expm1.obj
d:\coding\mpir+mpf+mpc\mpfr\build.vc10\lib_mpfr\win32\release\exp_2.obj
d:\coding\mpir+mpf+mpc\mpfr\build.vc10\lib_mpfr\win32\release\exp3.obj
d:\coding\mpir+mpf+mpc\mpfr\build.vc10\lib_mpfr\win32\release\exp2.obj
d:\coding\mpir+mpf+mpc\mpfr\build.vc10\lib_mpfr\win32\release\inits.obj
d:\coding\mpir+mpf+mpc\mpfr\build.vc10\lib_mpfr\win32\release\init2.obj
d:\coding\mpir+mpf+mpc\mpfr\build.vc10\lib_mpfr\win32\release\init.obj
d:\coding\mpir+mpf+mpc\mpfr\build.vc10\lib_mpfr\win32\release\hypot.obj
d:\coding\mpir+mpf+mpc\mpfr\build.vc10\lib_mpfr\win32\release\grandom.obj
d:\coding\mpir+mpf+mpc\mpfr\build.vc10\lib_mpfr\win32\release\gmp_op.obj
d:\coding\mpir+mpf+mpc\mpfr\build.vc10\lib_mpfr\win32\release\get_z_exp.obj
d:\coding\mpir+mpf+mpc\mpfr\build.vc10\lib_mpfr\win32\release\get_z.obj
d:\coding\mpir+mpf+mpc\mpfr\build.vc10\lib_mpfr\win32\release\get_uj.obj
d:\coding\mpir+mpf+mpc\mpfr\build.vc10\lib_mpfr\win32\release\get_ui.obj
d:\coding\mpir+mpf+mpc\mpfr\build.vc10\lib_mpfr\win32\release\get_str.obj
d:\coding\mpir+mpf+mpc\mpfr\build.vc10\lib_mpfr\win32\release\get_sj.obj
d:\coding\mpir+mpf+mpc\mpfr\build.vc10\lib_mpfr\win32\release\get_si.obj
d:\coding\mpir+mpf+mpc\mpfr\build.vc10\lib_mpfr\win32\release\get_ld.obj
d:\coding\mpir+mpf+mpc\mpfr\build.vc10\lib_mpfr\win32\release\get_flt.obj
d:\coding\mpir+mpf+mpc\mpfr\build.vc10\lib_mpfr\win32\release\get_f.obj
d:\coding\mpir+mpf+mpc\mpfr\build.vc10\lib_mpfr\win32\release\get_exp.obj
d:\coding\mpir+mpf+mpc\mpfr\build.vc10\lib_mpfr\win32\release\get_d64.obj
d:\coding\mpir+mpf+mpc\mpfr\build.vc10\lib_mpfr\win32\release\get_d.obj
d:\coding\mpir+mpf+mpc\mpfr\build.vc10\lib_mpfr\win32\release\gammaonethird.obj
d:\coding\mpir+mpf+mpc\mpfr\build.vc10\lib_mpfr\win32\release\minmax.obj
d:\coding\mpir+mpf+mpc\mpfr\build.vc10\lib_mpfr\win32\release\min_prec.obj
d:\coding\mpir+mpf+mpc\mpfr\build.vc10\lib_mpfr\win32\release\logging.obj
d:\coding\mpir+mpf+mpc\mpfr\build.vc10\lib_mpfr\win32\release\log2.obj
d:\coding\mpir+mpf+mpc\mpfr\build.vc10\lib_mpfr\win32\release\log1p.obj
d:\coding\mpir+mpf+mpc\mpfr\build.vc10\lib_mpfr\win32\release\log10.obj
d:\coding\mpir+mpf+mpc\mpfr\build.vc10\lib_mpfr\win32\release\log.obj
d:\coding\mpir+mpf+mpc\mpfr\build.vc10\lib_mpfr\win32\release\lngamma.obj
d:\coding\mpir+mpf+mpc\mpfr\build.vc10\lib_mpfr\win32\release\li2.obj
d:\coding\mpir+mpf+mpc\mpfr\build.vc10\lib_mpfr\win32\release\jn.obj
d:\coding\mpir+mpf+mpc\mpfr\build.vc10\lib_mpfr\win32\release\iszero.obj
d:\coding\mpir+mpf+mpc\mpfr\build.vc10\lib_mpfr\win32\release\isregular.obj
d:\coding\mpir+mpf+mpc\mpfr\build.vc10\lib_mpfr\win32\release\isqrt.obj
d:\coding\mpir+mpf+mpc\mpfr\build.vc10\lib_mpfr\win32\release\isnum.obj
d:\coding\mpir+mpf+mpc\mpfr\build.vc10\lib_mpfr\win32\release\isnan.obj
d:\coding\mpir+mpf+mpc\mpfr\build.vc10\lib_mpfr\win32\release\isinteger.obj
d:\coding\mpir+mpf+mpc\mpfr\build.vc10\lib_mpfr\win32\release\isinf.obj
d:\coding\mpir+mpf+mpc\mpfr\build.vc10\lib_mpfr\win32\release\int_ceil_log2.obj
d:\coding\mpir+mpf+mpc\mpfr\build.vc10\lib_mpfr\win32\release\inp_str.obj
d:\coding\mpir+mpf+mpc\mpfr\build.vc10\lib_mpfr\win32\release\inits2.obj
d:\coding\mpir+mpf+mpc\mpfr\build.vc10\lib_mpfr\win32\release\print_rnd_mode.obj
d:\coding\mpir+mpf+mpc\mpfr\build.vc10\lib_mpfr\win32\release\print_raw.obj
d:\coding\mpir+mpf+mpc\mpfr\build.vc10\lib_mpfr\win32\release\powerof2.obj
d:\coding\mpir+mpf+mpc\mpfr\build.vc10\lib_mpfr\win32\release\pow_z.obj
d:\coding\mpir+mpf+mpc\mpfr\build.vc10\lib_mpfr\win32\release\pow_ui.obj
d:\coding\mpir+mpf+mpc\mpfr\build.vc10\lib_mpfr\win32\release\pow.obj
d:\coding\mpir+mpf+mpc\mpfr\build.vc10\lib_mpfr\win32\release\out_str.obj
d:\coding\mpir+mpf+mpc\mpfr\build.vc10\lib_mpfr\win32\release\next.obj
d:\coding\mpir+mpf+mpc\mpfr\build.vc10\lib_mpfr\win32\release\neg.obj
d:\coding\mpir+mpf+mpc\mpfr\build.vc10\lib_mpfr\win32\release\mulders.obj
d:\coding\mpir+mpf+mpc\mpfr\build.vc10\lib_mpfr\win32\release\mul_ui.obj
d:\coding\mpir+mpf+mpc\mpfr\build.vc10\lib_mpfr\win32\release\mul_d.obj
d:\coding\mpir+mpf+mpc\mpfr\build.vc10\lib_mpfr\win32\release\mul_2ui.obj
d:\coding\mpir+mpf+mpc\mpfr\build.vc10\lib_mpfr\win32\release\mul_2si.obj
d:\coding\mpir+mpf+mpc\mpfr\build.vc10\lib_mpfr\win32\release\mul_2exp.obj
d:\coding\mpir+mpf+mpc\mpfr\build.vc10\lib_mpfr\win32\release\mul.obj
d:\coding\mpir+mpf+mpc\mpfr\build.vc10\lib_mpfr\win32\release\mpn_exp.obj
d:\coding\mpir+mpf+mpc\mpfr\build.vc10\lib_mpfr\win32\release\mp_clz_tab.obj
d:\coding\mpir+mpf+mpc\mpfr\build.vc10\lib_mpfr\win32\release\mpfr-gmp.obj
d:\coding\mpir+mpf+mpc\mpfr\build.vc10\lib_mpfr\win32\release\modf.obj
d:\coding\mpir+mpf+mpc\mpfr\build.vc10\lib_mpfr\win32\release\set_inf.obj
d:\coding\mpir+mpf+mpc\mpfr\build.vc10\lib_mpfr\win32\release\set_flt.obj
d:\coding\mpir+mpf+mpc\mpfr\build.vc10\lib_mpfr\win32\release\set_f.obj
d:\coding\mpir+mpf+mpc\mpfr\build.vc10\lib_mpfr\win32\release\set_exp.obj
d:\coding\mpir+mpf+mpc\mpfr\build.vc10\lib_mpfr\win32\release\set_dfl_prec.obj
d:\coding\mpir+mpf+mpc\mpfr\build.vc10\lib_mpfr\win32\release\set_d64.obj
d:\coding\mpir+mpf+mpc\mpfr\build.vc10\lib_mpfr\win32\release\set_d.obj
d:\coding\mpir+mpf+mpc\mpfr\build.vc10\lib_mpfr\win32\release\set.obj
d:\coding\mpir+mpf+mpc\mpfr\build.vc10\lib_mpfr\win32\release\sech.obj
d:\coding\mpir+mpf+mpc\mpfr\build.vc10\lib_mpfr\win32\release\sec.obj
d:\coding\mpir+mpf+mpc\mpfr\build.vc10\lib_mpfr\win32\release\scale2.obj
d:\coding\mpir+mpf+mpc\mpfr\build.vc10\lib_mpfr\win32\release\round_prec.obj
d:\coding\mpir+mpf+mpc\mpfr\build.vc10\lib_mpfr\win32\release\round_p.obj
d:\coding\mpir+mpf+mpc\mpfr\build.vc10\lib_mpfr\win32\release\round_near_x.obj
d:\coding\mpir+mpf+mpc\mpfr\build.vc10\lib_mpfr\win32\release\root.obj
d:\coding\mpir+mpf+mpc\mpfr\build.vc10\lib_mpfr\win32\release\rint.obj
d:\coding\mpir+mpf+mpc\mpfr\build.vc10\lib_mpfr\win32\release\rem1.obj
d:\coding\mpir+mpf+mpc\mpfr\build.vc10\lib_mpfr\win32\release\reldiff.obj
d:\coding\mpir+mpf+mpc\mpfr\build.vc10\lib_mpfr\win32\release\rec_sqrt.obj
d:\coding\mpir+mpf+mpc\mpfr\build.vc10\lib_mpfr\win32\release\printf.obj
d:\coding\mpir+mpf+mpc\mpfr\build.vc10\lib_mpfr\win32\release\set_z_exp.obj
d:\coding\mpir+mpf+mpc\mpfr\build.vc10\lib_mpfr\win32\release\setsign.obj
d:\coding\mpir+mpf+mpc\mpfr\build.vc10\lib_mpfr\win32\release\setmin.obj
d:\coding\mpir+mpf+mpc\mpfr\build.vc10\lib_mpfr\win32\release\setmax.obj
d:\coding\mpir+mpf+mpc\mpfr\build.vc10\lib_mpfr\win32\release\set_zero.obj
d:\coding\mpir+mpf+mpc\mpfr\build.vc10\lib_mpfr\win32\release\set_z.obj
d:\coding\mpir+mpf+mpc\mpfr\build.vc10\lib_mpfr\win32\release\set_uj.obj
d:\coding\mpir+mpf+mpc\mpfr\build.vc10\lib_mpfr\win32\release\set_ui_2exp.obj
d:\coding\mpir+mpf+mpc\mpfr\build.vc10\lib_mpfr\win32\release\set_ui.obj
d:\coding\mpir+mpf+mpc\mpfr\build.vc10\lib_mpfr\win32\release\set_str_raw.obj
d:\coding\mpir+mpf+mpc\mpfr\build.vc10\lib_mpfr\win32\release\set_str.obj
d:\coding\mpir+mpf+mpc\mpfr\build.vc10\lib_mpfr\win32\release\set_sj.obj
d:\coding\mpir+mpf+mpc\mpfr\build.vc10\lib_mpfr\win32\release\set_si_2exp.obj
d:\coding\mpir+mpf+mpc\mpfr\build.vc10\lib_mpfr\win32\release\set_si.obj
d:\coding\mpir+mpf+mpc\mpfr\build.vc10\lib_mpfr\win32\release\set_rnd.obj
d:\coding\mpir+mpf+mpc\mpfr\build.vc10\lib_mpfr\win32\release\set_q.obj
d:\coding\mpir+mpf+mpc\mpfr\build.vc10\lib_mpfr\win32\release\set_prec.obj
d:\coding\mpir+mpf+mpc\mpfr\build.vc10\lib_mpfr\win32\release\set_prc_raw.obj
d:\coding\mpir+mpf+mpc\mpfr\build.vc10\lib_mpfr\win32\release\set_nan.obj
d:\coding\mpir+mpf+mpc\mpfr\build.vc10\lib_mpfr\win32\release\set_ld.obj
d:\coding\mpir+mpf+mpc\mpfr\build.vc10\lib_mpfr\win32\release\swap.obj
d:\coding\mpir+mpf+mpc\mpfr\build.vc10\lib_mpfr\win32\release\sum.obj
d:\coding\mpir+mpf+mpc\mpfr\build.vc10\lib_mpfr\win32\release\subnormal.obj
d:\coding\mpir+mpf+mpc\mpfr\build.vc10\lib_mpfr\win32\release\sub_ui.obj
d:\coding\mpir+mpf+mpc\mpfr\build.vc10\lib_mpfr\win32\release\sub_d.obj
d:\coding\mpir+mpf+mpc\mpfr\build.vc10\lib_mpfr\win32\release\sub1sp.obj
d:\coding\mpir+mpf+mpc\mpfr\build.vc10\lib_mpfr\win32\release\sub1.obj
d:\coding\mpir+mpf+mpc\mpfr\build.vc10\lib_mpfr\win32\release\sub.obj
d:\coding\mpir+mpf+mpc\mpfr\build.vc10\lib_mpfr\win32\release\strtofr.obj
d:\coding\mpir+mpf+mpc\mpfr\build.vc10\lib_mpfr\win32\release\stack_interface.obj
d:\coding\mpir+mpf+mpc\mpfr\build.vc10\lib_mpfr\win32\release\sqrt_ui.obj
d:\coding\mpir+mpf+mpc\mpfr\build.vc10\lib_mpfr\win32\release\sqrt.obj
d:\coding\mpir+mpf+mpc\mpfr\build.vc10\lib_mpfr\win32\release\sqr.obj
d:\coding\mpir+mpf+mpc\mpfr\build.vc10\lib_mpfr\win32\release\sinh_cosh.obj
d:\coding\mpir+mpf+mpc\mpfr\build.vc10\lib_mpfr\win32\release\sinh.obj
d:\coding\mpir+mpf+mpc\mpfr\build.vc10\lib_mpfr\win32\release\sin_cos.obj
d:\coding\mpir+mpf+mpc\mpfr\build.vc10\lib_mpfr\win32\release\sin.obj
d:\coding\mpir+mpf+mpc\mpfr\build.vc10\lib_mpfr\win32\release\signbit.obj
d:\coding\mpir+mpf+mpc\mpfr\build.vc10\lib_mpfr\win32\release\si_op.obj
d:\coding\mpir+mpf+mpc\mpfr\build.vc10\lib_mpfr\win32\release\sgn.obj
d:\coding\mpir+mpf+mpc\mpfr\build.vc10\lib_mpfr\win32\release\get_patches.obj
d:\coding\mpir+mpf+mpc\mpfr\build.vc10\lib_mpfr\win32\release\zeta_ui.obj
d:\coding\mpir+mpf+mpc\mpfr\build.vc10\lib_mpfr\win32\release\zeta.obj
d:\coding\mpir+mpf+mpc\mpfr\build.vc10\lib_mpfr\win32\release\yn.obj
d:\coding\mpir+mpf+mpc\mpfr\build.vc10\lib_mpfr\win32\release\volatile.obj
d:\coding\mpir+mpf+mpc\mpfr\build.vc10\lib_mpfr\win32\release\version.obj
d:\coding\mpir+mpf+mpc\mpfr\build.vc10\lib_mpfr\win32\release\vasprintf.obj
d:\coding\mpir+mpf+mpc\mpfr\build.vc10\lib_mpfr\win32\release\urandomb.obj
d:\coding\mpir+mpf+mpc\mpfr\build.vc10\lib_mpfr\win32\release\urandom.obj
d:\coding\mpir+mpf+mpc\mpfr\build.vc10\lib_mpfr\win32\release\ui_sub.obj
d:\coding\mpir+mpf+mpc\mpfr\build.vc10\lib_mpfr\win32\release\ui_pow_ui.obj
d:\coding\mpir+mpf+mpc\mpfr\build.vc10\lib_mpfr\win32\release\ui_pow.obj
d:\coding\mpir+mpf+mpc\mpfr\build.vc10\lib_mpfr\win32\release\ui_div.obj
d:\coding\mpir+mpf+mpc\mpfr\build.vc10\lib_mpfr\win32\release\ufloor_log2.obj
d:\coding\mpir+mpf+mpc\mpfr\build.vc10\lib_mpfr\win32\release\uceil_log2.obj
d:\coding\mpir+mpf+mpc\mpfr\build.vc10\lib_mpfr\win32\release\uceil_exp2.obj
d:\coding\mpir+mpf+mpc\mpfr\build.vc10\lib_mpfr\win32\release\tanh.obj
d:\coding\mpir+mpf+mpc\mpfr\build.vc10\lib_mpfr\win32\release\tan.obj
d:\coding\mpir+mpf+mpc\mpfr\build.vc10\lib_mpfr\win32\release\pow_si.obj
d:\coding\mpir+mpf+mpc\mpfr\lib\win32\release\mpfr.lib
d:\coding\mpir+mpf+mpc\mpfr\build.vc10\..\lib\win32\release\mpfr.pdb
d:\coding\mpir+mpf+mpc\mpfr\build.vc10\..\lib\win32\release\mpfr.lib
d:\coding\mpir+mpf+mpc\mpfr\build.vc10\lib_mpfr\win32\release\lib_mpfr.tlog\cl.command.1.tlog
d:\coding\mpir+mpf+mpc\mpfr\build.vc10\lib_mpfr\win32\release\lib_mpfr.tlog\cl.read.1.tlog
d:\coding\mpir+mpf+mpc\mpfr\build.vc10\lib_mpfr\win32\release\lib_mpfr.tlog\cl.write.1.tlog
d:\coding\mpir+mpf+mpc\mpfr\build.vc10\lib_mpfr\win32\release\lib_mpfr.tlog\lib-link.read.1.tlog
d:\coding\mpir+mpf+mpc\mpfr\build.vc10\lib_mpfr\win32\release\lib_mpfr.tlog\lib-link.write.1.tlog
d:\coding\mpir+mpf+mpc\mpfr\build.vc10\lib_mpfr\win32\release\lib_mpfr.tlog\lib.command.1.tlog
